2018-08-25 14:48:13 +0000  Initial pipeline context: <IDEDistributionProcessingPipelineContext: 0x7fe9b8994680; archive(resolved)='<IDEArchive: 0x7fe9bea9dab0>', distributionTask(resolved)='2', distributionMethod(resolved)='<IDEDistributionMethodiOSAppStoreExport: 0x7fe9b889ee50>', team(resolved)='<IDEProvisioningBasicTeam 0x7fe9b8a64300: teamID: B9X9R8AKSM, teamName: long feng>'>
	Chain (11, self inclusive):
	<IDEDistributionProcessingPipelineContext: 0x7fe9b8994680; archive = '<IDEArchive: 0x7fe9bea9dab0>', distributionMethod='<IDEDistributionMethodiOSAppStoreExport: 0x7fe9b889ee50>', team='<IDEProvisioningBasicTeam 0x7fe9b8a64300: teamID: B9X9R8AKSM, teamName: long feng>'>
	<IDEDistributionProcessingPipelineContext: 0x7fe9b8c6f520; archive = '<IDEArchive: 0x7fe9bea9dab0>', distributionMethod='<IDEDistributionMethodiOSAppStoreExport: 0x7fe9b889ee50>', team='<IDEProvisioningBasicTeam 0x7fe9b8a64300: teamID: B9X9R8AKSM, teamName: long feng>'>
	<IDEDistributionContext: 0x7fe9b4b76810; archive = '<IDEArchive: 0x7fe9bea9dab0>', distributionMethod='<IDEDistributionMethodiOSAppStoreExport: 0x7fe9b889ee50>', team='<IDEProvisioningBasicTeam 0x7fe9b8a64300: teamID: B9X9R8AKSM, teamName: long feng>'>
	<IDEDistributionContext: 0x7fe9b7d0aae0; archive = '<IDEArchive: 0x7fe9bea9dab0>', distributionMethod='<IDEDistributionMethodiOSAppStoreExport: 0x7fe9b889ee50>', team='<IDEProvisioningBasicTeam 0x7fe9b8a64300: teamID: B9X9R8AKSM, teamName: long feng>'>
	<IDEDistributionContext: 0x7fe9b7add8a0; archive = '<IDEArchive: 0x7fe9bea9dab0>', distributionMethod='<IDEDistributionMethodiOSAppStoreExport: 0x7fe9b889ee50>', team='<IDEProvisioningBasicTeam 0x7fe9b8a64300: teamID: B9X9R8AKSM, teamName: long feng>'>
	<IDEDistributionContext: 0x7fe9b8b71ad0; archive = '<IDEArchive: 0x7fe9bea9dab0>', distributionMethod='<IDEDistributionMethodiOSAppStoreExport: 0x7fe9b889ee50>', team='<IDEProvisioningBasicTeam 0x7fe9b8a64300: teamID: B9X9R8AKSM, teamName: long feng>'>
	<IDEDistributionContext: 0x7fe9b14f3920; archive = '<IDEArchive: 0x7fe9bea9dab0>', distributionMethod='<IDEDistributionMethodiOSAppStoreExport: 0x7fe9b889ee50>', team='<IDEProvisioningBasicTeam 0x7fe9b8a64300: teamID: B9X9R8AKSM, teamName: long feng>'>
	<IDEDistributionContext: 0x7fe9b7d8d5c0; archive = '<IDEArchive: 0x7fe9bea9dab0>', distributionMethod='<IDEDistributionMethodiOSAppStoreExport: 0x7fe9b889ee50>', team='<IDEProvisioningBasicTeam 0x7fe9b8a64300: teamID: B9X9R8AKSM, teamName: long feng>'>
	<IDEDistributionContext: 0x7fe9b7dbf2b0; archive = '<IDEArchive: 0x7fe9bea9dab0>', distributionMethod='<IDEDistributionMethodiOSAppStoreExport: 0x7fe9b889ee50>', team='<IDEProvisioningBasicTeam 0x7fe9b8a64300: teamID: B9X9R8AKSM, teamName: long feng>'>
	<IDEDistributionContext: 0x7fe9b1410f10; archive = '<IDEArchive: 0x7fe9bea9dab0>', distributionMethod='<IDEDistributionMethodiOSAppStoreExport: 0x7fe9b889ee50>', team='(null)'>
	<IDEDistributionContext: 0x7fe9b8b705f0; archive = '<IDEArchive: 0x7fe9bea9dab0>', distributionMethod='(null)', team='(null)'>
</IDEDistributionProcessingPipelineContext: 0x7fe9b8994680>
2018-08-25 14:48:13 +0000  Processing step: IDEDistributionCreateDestRootStep
2018-08-25 14:48:13 +0000  Processing step: IDEDistributionCopyItemStep
2018-08-25 14:48:13 +0000  Running /usr/bin/ditto '-V' '/Users/taiaiqiang/Library/Developer/Xcode/Archives/2018-08-25/nofase 2018-8-25 下午10.47.xcarchive/Products/Applications/nofase.app' '/var/folders/z4/4dyqy3zx6z75fmd3qyn4c7wc0000gn/T/XcodeDistPipeline.l3E/Root/Payload/nofase.app'
2018-08-25 14:48:13 +0000  >>> Copying /Users/taiaiqiang/Library/Developer/Xcode/Archives/2018-08-25/nofase 2018-8-25 下午10.47.xcarchive/Products/Applications/nofase.app 
2018-08-25 14:48:13 +0000  copying file ./_CodeSignature/CodeResources ... 
2018-08-25 14:48:13 +0000  75041 bytes for ./_CodeSignature/CodeResources
2018-08-25 14:48:13 +0000  copying file ./AppIcon20x20@2x.png ... 
2018-08-25 14:48:13 +0000  2310 bytes for ./AppIcon20x20@2x.png
2018-08-25 14:48:13 +0000  copying file ./AppIcon20x20@3x.png ... 
2018-08-25 14:48:13 +0000  4075 bytes for ./AppIcon20x20@3x.png
2018-08-25 14:48:13 +0000  copying file ./UMSocialSDKResources.bundle/UMSocialWaterMark/umsocial_defaultwatermark.png ... 
2018-08-25 14:48:13 +0000  3003 bytes for ./UMSocialSDKResources.bundle/UMSocialWaterMark/umsocial_defaultwatermark.png
2018-08-25 14:48:13 +0000  copying file ./UMSocialSDKResources.bundle/zh-Hans.lproj/UMSocialLocalizable.strings ... 
2018-08-25 14:48:13 +0000  6685 bytes for ./UMSocialSDKResources.bundle/zh-Hans.lproj/UMSocialLocalizable.strings
2018-08-25 14:48:13 +0000  copying file ./UMSocialSDKResources.bundle/en.lproj/UMSocialLocalizable.strings ... 
2018-08-25 14:48:13 +0000  6503 bytes for ./UMSocialSDKResources.bundle/en.lproj/UMSocialLocalizable.strings
2018-08-25 14:48:13 +0000  copying file ./UMSocialSDKResources.bundle/Buttons/UMS_nav_button_close@2x.png ... 
2018-08-25 14:48:13 +0000  500 bytes for ./UMSocialSDKResources.bundle/Buttons/UMS_nav_button_close@2x.png
2018-08-25 14:48:13 +0000  copying file ./UMSocialSDKResources.bundle/Buttons/UMS_url_image@2x.png ... 
2018-08-25 14:48:13 +0000  1562 bytes for ./UMSocialSDKResources.bundle/Buttons/UMS_url_image@2x.png
2018-08-25 14:48:13 +0000  copying file ./UMSocialSDKResources.bundle/Buttons/UMS_url_music@2x.png ... 
2018-08-25 14:48:13 +0000  1771 bytes for ./UMSocialSDKResources.bundle/Buttons/UMS_url_music@2x.png
2018-08-25 14:48:13 +0000  copying file ./UMSocialSDKResources.bundle/Buttons/UMS_add_friend_off@2x.png ... 
2018-08-25 14:48:13 +0000  134 bytes for ./UMSocialSDKResources.bundle/Buttons/UMS_add_friend_off@2x.png
copying file ./UMSocialSDKResources.bundle/Buttons/UMS_delete_image_button_normal@2x.png ... 
2018-08-25 14:48:13 +0000  891 bytes for ./UMSocialSDKResources.bundle/Buttons/UMS_delete_image_button_normal@2x.png
2018-08-25 14:48:13 +0000  copying file ./UMSocialSDKResources.bundle/Buttons/UMS_nav_button_send@2x.png ... 
2018-08-25 14:48:13 +0000  1624 bytes for ./UMSocialSDKResources.bundle/Buttons/UMS_nav_button_send@2x.png
2018-08-25 14:48:13 +0000  copying file ./UMSocialSDKResources.bundle/Buttons/UMS_url_video@2x.png ... 
2018-08-25 14:48:13 +0000  2062 bytes for ./UMSocialSDKResources.bundle/Buttons/UMS_url_video@2x.png
2018-08-25 14:48:13 +0000  copying file ./UMSocialSDKResources.bundle/UMSocialPlatformTheme/default/umsocial_renren.png ... 
2018-08-25 14:48:13 +0000  1529 bytes for ./UMSocialSDKResources.bundle/UMSocialPlatformTheme/default/umsocial_renren.png
2018-08-25 14:48:13 +0000  copying file ./UMSocialSDKResources.bundle/UMSocialPlatformTheme/default/umsocial_default.png ... 
2018-08-25 14:48:13 +0000  4203 bytes for ./UMSocialSDKResources.bundle/UMSocialPlatformTheme/default/umsocial_default.png
2018-08-25 14:48:13 +0000  copying file ./UMSocialSDKResources.bundle/UMSocialPlatformTheme/default/umsocial_pinterest.png ... 
2018-08-25 14:48:13 +0000  1987 bytes for ./UMSocialSDKResources.bundle/UMSocialPlatformTheme/default/umsocial_pinterest.png
2018-08-25 14:48:13 +0000  copying file ./UMSocialSDKResources.bundle/UMSocialPlatformTheme/default/umsocial_alipay.png ... 
2018-08-25 14:48:13 +0000  1370 bytes for ./UMSocialSDKResources.bundle/UMSocialPlatformTheme/default/umsocial_alipay.png
2018-08-25 14:48:13 +0000  copying file ./UMSocialSDKResources.bundle/UMSocialPlatformTheme/default/umsocial_yixin_session.png ... 
2018-08-25 14:48:13 +0000  1833 bytes for ./UMSocialSDKResources.bundle/UMSocialPlatformTheme/default/umsocial_yixin_session.png
2018-08-25 14:48:13 +0000  copying file ./UMSocialSDKResources.bundle/UMSocialPlatformTheme/default/umsocial_vkontakte.png ... 
2018-08-25 14:48:13 +0000  1867 bytes for ./UMSocialSDKResources.bundle/UMSocialPlatformTheme/default/umsocial_vkontakte.png
2018-08-25 14:48:13 +0000  copying file ./UMSocialSDKResources.bundle/UMSocialPlatformTheme/default/umsocial_tim.png ... 
2018-08-25 14:48:13 +0000  2597 bytes for ./UMSocialSDKResources.bundle/UMSocialPlatformTheme/default/umsocial_tim.png
2018-08-25 14:48:13 +0000  copying file ./UMSocialSDKResources.bundle/UMSocialPlatformTheme/default/umsocial_lw_session.png ... 
2018-08-25 14:48:13 +0000  2391 bytes for ./UMSocialSDKResources.bundle/UMSocialPlatformTheme/default/umsocial_lw_session.png
2018-08-25 14:48:13 +0000  copying file ./UMSocialSDKResources.bundle/UMSocialPlatformTheme/default/umsocial_linkedin.png ... 
2018-08-25 14:48:13 +0000  1637 bytes for ./UMSocialSDKResources.bundle/UMSocialPlatformTheme/default/umsocial_linkedin.png
2018-08-25 14:48:13 +0000  copying file ./UMSocialSDKResources.bundle/UMSocialPlatformTheme/default/umsocial_yixin_favorite.png ... 
2018-08-25 14:48:13 +0000  4145 bytes for ./UMSocialSDKResources.bundle/UMSocialPlatformTheme/default/umsocial_yixin_favorite.png
2018-08-25 14:48:13 +0000  copying file ./UMSocialSDKResources.bundle/UMSocialPlatformTheme/default/umsocial_youdaonote.png ... 
2018-08-25 14:48:13 +0000  1158 bytes for ./UMSocialSDKResources.bundle/UMSocialPlatformTheme/default/umsocial_youdaonote.png
2018-08-25 14:48:13 +0000  copying file ./UMSocialSDKResources.bundle/UMSocialPlatformTheme/default/umsocial_flickr.png ... 
2018-08-25 14:48:13 +0000  979 bytes for ./UMSocialSDKResources.bundle/UMSocialPlatformTheme/default/umsocial_flickr.png
2018-08-25 14:48:13 +0000  copying file ./UMSocialSDKResources.bundle/UMSocialPlatformTheme/default/umsocial_line.png ... 
2018-08-25 14:48:13 +0000  1720 bytes for ./UMSocialSDKResources.bundle/UMSocialPlatformTheme/default/umsocial_line.png
2018-08-25 14:48:13 +0000  copying file ./UMSocialSDKResources.bundle/UMSocialPlatformTheme/default/umsocial_email.png ... 
2018-08-25 14:48:13 +0000  1211 bytes for ./UMSocialSDKResources.bundle/UMSocialPlatformTheme/default/umsocial_email.png
2018-08-25 14:48:13 +0000  copying file ./UMSocialSDKResources.bundle/UMSocialPlatformTheme/default/umsocial_sms.png ... 
2018-08-25 14:48:13 +0000  1127 bytes for ./UMSocialSDKResources.bundle/UMSocialPlatformTheme/default/umsocial_sms.png
2018-08-25 14:48:13 +0000  copying file ./UMSocialSDKResources.bundle/UMSocialPlatformTheme/default/umsocial_evernote.png ... 
2018-08-25 14:48:13 +0000  1267 bytes for ./UMSocialSDKResources.bundle/UMSocialPlatformTheme/default/umsocial_evernote.png
2018-08-25 14:48:13 +0000  copying file ./UMSocialSDKResources.bundle/UMSocialPlatformTheme/default/umsocial_twitter.png ... 
2018-08-25 14:48:13 +0000  1442 bytes for ./UMSocialSDKResources.bundle/UMSocialPlatformTheme/default/umsocial_twitter.png
copying file ./UMSocialSDKResources.bundle/UMSocialPlatformTheme/default/umsocial_whatsapp.png ... 
2018-08-25 14:48:13 +0000  1832 bytes for ./UMSocialSDKResources.bundle/UMSocialPlatformTheme/default/umsocial_whatsapp.png
2018-08-25 14:48:13 +0000  copying file ./UMSocialSDKResources.bundle/UMSocialPlatformTheme/default/umsocial_googleplus.png ... 
2018-08-25 14:48:13 +0000  2320 bytes for ./UMSocialSDKResources.bundle/UMSocialPlatformTheme/default/umsocial_googleplus.png
2018-08-25 14:48:13 +0000  copying file ./UMSocialSDKResources.bundle/UMSocialPlatformTheme/default/umsocial_douban.png ... 
2018-08-25 14:48:13 +0000  813 bytes for ./UMSocialSDKResources.bundle/UMSocialPlatformTheme/default/umsocial_douban.png
2018-08-25 14:48:13 +0000  copying file ./UMSocialSDKResources.bundle/UMSocialPlatformTheme/default/umsocial_lw_timeline.png ... 
2018-08-25 14:48:13 +0000  1139 bytes for ./UMSocialSDKResources.bundle/UMSocialPlatformTheme/default/umsocial_lw_timeline.png
2018-08-25 14:48:13 +0000  copying file ./UMSocialSDKResources.bundle/UMSocialPlatformTheme/default/umsocial_facebook.png ... 
2018-08-25 14:48:13 +0000  1468 bytes for ./UMSocialSDKResources.bundle/UMSocialPlatformTheme/default/umsocial_facebook.png
2018-08-25 14:48:13 +0000  copying file ./UMSocialSDKResources.bundle/UMSocialPlatformTheme/default/umsocial_dingding.png ... 
2018-08-25 14:48:13 +0000  1390 bytes for ./UMSocialSDKResources.bundle/UMSocialPlatformTheme/default/umsocial_dingding.png
2018-08-25 14:48:13 +0000  copying file ./UMSocialSDKResources.bundle/UMSocialPlatformTheme/default/umsocial_wechat.png ... 
2018-08-25 14:48:13 +0000  1628 bytes for ./UMSocialSDKResources.bundle/UMSocialPlatformTheme/default/umsocial_wechat.png
2018-08-25 14:48:13 +0000  copying file ./UMSocialSDKResources.bundle/UMSocialPlatformTheme/default/umsocial_yixin_timeline.png ... 
2018-08-25 14:48:13 +0000  2199 bytes for ./UMSocialSDKResources.bundle/UMSocialPlatformTheme/default/umsocial_yixin_timeline.png
2018-08-25 14:48:13 +0000  copying file ./UMSocialSDKResources.bundle/UMSocialPlatformTheme/default/umsocial_dropbox.png ... 
2018-08-25 14:48:13 +0000  1692 bytes for ./UMSocialSDKResources.bundle/UMSocialPlatformTheme/default/umsocial_dropbox.png
2018-08-25 14:48:13 +0000  copying file ./UMSocialSDKResources.bundle/UMSocialPlatformTheme/default/umsocial_pocket.png ... 
2018-08-25 14:48:13 +0000  1405 bytes for ./UMSocialSDKResources.bundle/UMSocialPlatformTheme/default/umsocial_pocket.png
2018-08-25 14:48:13 +0000  copying file ./UMSocialSDKResources.bundle/UMSocialPlatformTheme/default/umsocial_wechat_timeline.png ... 
2018-08-25 14:48:13 +0000  1506 bytes for ./UMSocialSDKResources.bundle/UMSocialPlatformTheme/default/umsocial_wechat_timeline.png
2018-08-25 14:48:13 +0000  copying file ./UMSocialSDKResources.bundle/UMSocialPlatformTheme/default/umsocial_tencentWB.png ... 
2018-08-25 14:48:13 +0000  1943 bytes for ./UMSocialSDKResources.bundle/UMSocialPlatformTheme/default/umsocial_tencentWB.png
2018-08-25 14:48:13 +0000  copying file ./UMSocialSDKResources.bundle/UMSocialPlatformTheme/default/umsocial_wechat_favorite.png ... 
2018-08-25 14:48:13 +0000  1179 bytes for ./UMSocialSDKResources.bundle/UMSocialPlatformTheme/default/umsocial_wechat_favorite.png
2018-08-25 14:48:13 +0000  copying file ./UMSocialSDKResources.bundle/UMSocialPlatformTheme/default/umsocial_sina.png ... 
2018-08-25 14:48:13 +0000  2581 bytes for ./UMSocialSDKResources.bundle/UMSocialPlatformTheme/default/umsocial_sina.png
2018-08-25 14:48:13 +0000  copying file ./UMSocialSDKResources.bundle/UMSocialPlatformTheme/default/umsocial_tumblr.png ... 
2018-08-25 14:48:13 +0000  1564 bytes for ./UMSocialSDKResources.bundle/UMSocialPlatformTheme/default/umsocial_tumblr.png
2018-08-25 14:48:13 +0000  copying file ./UMSocialSDKResources.bundle/UMSocialPlatformTheme/default/umsocial_kakaoTalk.png ... 
2018-08-25 14:48:13 +0000  1893 bytes for ./UMSocialSDKResources.bundle/UMSocialPlatformTheme/default/umsocial_kakaoTalk.png
2018-08-25 14:48:13 +0000  copying file ./UMSocialSDKResources.bundle/UMSocialPlatformTheme/default/umsocial_facebookmessenger.png ... 
2018-08-25 14:48:13 +0000  1749 bytes for ./UMSocialSDKResources.bundle/UMSocialPlatformTheme/default/umsocial_facebookmessenger.png
2018-08-25 14:48:13 +0000  copying file ./UMSocialSDKResources.bundle/UMSocialPlatformTheme/default/umsocial_qzone.png ... 
2018-08-25 14:48:13 +0000  2083 bytes for ./UMSocialSDKResources.bundle/UMSocialPlatformTheme/default/umsocial_qzone.png
2018-08-25 14:48:13 +0000  copying file ./UMSocialSDKResources.bundle/UMSocialPlatformTheme/default/umsocial_qq.png ... 
2018-08-25 14:48:13 +0000  3505 bytes for ./UMSocialSDKResources.bundle/UMSocialPlatformTheme/default/umsocial_qq.png
2018-08-25 14:48:13 +0000  copying file ./UMSocialSDKResources.bundle/UMSocialPlatformTheme/default/umsocial_instagram.png ... 
2018-08-25 14:48:13 +0000  1952 bytes for ./UMSocialSDKResources.bundle/UMSocialPlatformTheme/default/umsocial_instagram.png
2018-08-25 14:48:13 +0000  copying file ./AppIcon60x60@2x.png ... 
2018-08-25 14:48:13 +0000  13219 bytes for ./AppIcon60x60@2x.png
2018-08-25 14:48:13 +0000  copying file ./AppIcon29x29@2x.png ... 
2018-08-25 14:48:13 +0000  3824 bytes for ./AppIcon29x29@2x.png
copying file ./AppIcon40x40@3x.png ... 
2018-08-25 14:48:13 +0000  13219 bytes for ./AppIcon40x40@3x.png
copying file ./AppIcon40x40@2x.png ... 
2018-08-25 14:48:13 +0000  6684 bytes for ./AppIcon40x40@2x.png
2018-08-25 14:48:13 +0000  copying file ./UMSocialSDKPromptResources.bundle/zh-Hans.lproj/UMSocialPromptLocalizable.strings ... 
2018-08-25 14:48:13 +0000  8304 bytes for ./UMSocialSDKPromptResources.bundle/zh-Hans.lproj/UMSocialPromptLocalizable.strings
2018-08-25 14:48:13 +0000  copying file ./UMSocialSDKPromptResources.bundle/en.lproj/UMSocialPromptLocalizable.strings ... 
2018-08-25 14:48:13 +0000  8304 bytes for ./UMSocialSDKPromptResources.bundle/en.lproj/UMSocialPromptLocalizable.strings
2018-08-25 14:48:13 +0000  copying file ./AppIcon29x29@3x.png ... 
2018-08-25 14:48:13 +0000  7716 bytes for ./AppIcon29x29@3x.png
2018-08-25 14:48:13 +0000  copying file ./AppIcon60x60@3x.png ... 
2018-08-25 14:48:13 +0000  26728 bytes for ./AppIcon60x60@3x.png
2018-08-25 14:48:13 +0000  copying file ./index.ios.jsbundle ... 
2018-08-25 14:48:13 +0000  1035055 bytes for ./index.ios.jsbundle
2018-08-25 14:48:13 +0000  copying file ./Base.lproj/LaunchScreen.nib ... 
2018-08-25 14:48:13 +0000  3099 bytes for ./Base.lproj/LaunchScreen.nib
2018-08-25 14:48:13 +0000  copying file ./archived-expanded-entitlements.xcent ... 
2018-08-25 14:48:13 +0000  246 bytes for ./archived-expanded-entitlements.xcent
copying file ./Assets.car ... 
2018-08-25 14:48:13 +0000  228456 bytes for ./Assets.car
2018-08-25 14:48:13 +0000  copying file ./main.jsbundle.meta ... 
2018-08-25 14:48:13 +0000  21 bytes for ./main.jsbundle.meta
copying file ./nofase ... 
2018-08-25 14:48:13 +0000  61480064 bytes for ./nofase
copying file ./main.jsbundle ... 
2018-08-25 14:48:13 +0000  1035055 bytes for ./main.jsbundle
2018-08-25 14:48:13 +0000  copying file ./LaunchImage-700-568h@2x.png ... 
2018-08-25 14:48:13 +0000  338939 bytes for ./LaunchImage-700-568h@2x.png
copying file ./embedded.mobileprovision ... 
2018-08-25 14:48:13 +0000  7741 bytes for ./embedded.mobileprovision
2018-08-25 14:48:13 +0000  copying file ./assets/node_modules/react-navigation/src/views/assets/back-icon@3x.png ... 
2018-08-25 14:48:13 +0000  732 bytes for ./assets/node_modules/react-navigation/src/views/assets/back-icon@3x.png
copying file ./assets/node_modules/react-navigation/src/views/assets/back-icon@2x.png ... 
2018-08-25 14:48:13 +0000  534 bytes for ./assets/node_modules/react-navigation/src/views/assets/back-icon@2x.png
copying file ./assets/node_modules/react-navigation/src/views/assets/back-icon.png ... 
2018-08-25 14:48:13 +0000  379 bytes for ./assets/node_modules/react-navigation/src/views/assets/back-icon.png
2018-08-25 14:48:13 +0000  copying file ./assets/src/images/login/code.png ... 
2018-08-25 14:48:13 +0000  5129 bytes for ./assets/src/images/login/code.png
copying file ./assets/src/images/login/username.png ... 
2018-08-25 14:48:13 +0000  5035 bytes for ./assets/src/images/login/username.png
copying file ./assets/src/images/login/logo.png ... 
2018-08-25 14:48:13 +0000  6144 bytes for ./assets/src/images/login/logo.png
copying file ./assets/src/images/login/phone.png ... 
2018-08-25 14:48:13 +0000  2867 bytes for ./assets/src/images/login/phone.png
copying file ./assets/src/images/login/wechat.png ... 
2018-08-25 14:48:13 +0000  5987 bytes for ./assets/src/images/login/wechat.png
copying file ./assets/src/images/login/bg.png ... 
2018-08-25 14:48:13 +0000  2992 bytes for ./assets/src/images/login/bg.png
2018-08-25 14:48:13 +0000  copying file ./assets/src/components/share-modal/img/u196.png ... 
2018-08-25 14:48:13 +0000  10224 bytes for ./assets/src/components/share-modal/img/u196.png
copying file ./assets/src/components/share-modal/img/nav.png ... 
2018-08-25 14:48:13 +0000  1807 bytes for ./assets/src/components/share-modal/img/nav.png
copying file ./assets/src/components/share-modal/img/lv@3x.png ... 
2018-08-25 14:48:13 +0000  2911 bytes for ./assets/src/components/share-modal/img/lv@3x.png
copying file ./assets/src/components/share-modal/img/u79.png ... 
2018-08-25 14:48:13 +0000  4700 bytes for ./assets/src/components/share-modal/img/u79.png
copying file ./assets/src/components/share-modal/img/lv@2x.png ... 
2018-08-25 14:48:13 +0000  1863 bytes for ./assets/src/components/share-modal/img/lv@2x.png
copying file ./assets/src/components/share-modal/img/u78.png ... 
2018-08-25 14:48:13 +0000  6109 bytes for ./assets/src/components/share-modal/img/u78.png
2018-08-25 14:48:13 +0000  copying file ./assets/src/components/share-modal/img/bg.png ... 
2018-08-25 14:48:13 +0000  209465 bytes for ./assets/src/components/share-modal/img/bg.png
2018-08-25 14:48:13 +0000  copying file ./assets/src/components/star-score/img/empty.png ... 
2018-08-25 14:48:13 +0000  7411 bytes for ./assets/src/components/star-score/img/empty.png
copying file ./assets/src/components/star-score/img/half.png ... 
2018-08-25 14:48:13 +0000  5329 bytes for ./assets/src/components/star-score/img/half.png
copying file ./assets/src/components/star-score/img/full.png ... 
2018-08-25 14:48:13 +0000  4627 bytes for ./assets/src/components/star-score/img/full.png
2018-08-25 14:48:13 +0000  copying file ./assets/src/components/checkbox/img/selected.png ... 
2018-08-25 14:48:13 +0000  6675 bytes for ./assets/src/components/checkbox/img/selected.png
copying file ./assets/src/components/checkbox/img/unSelect.png ... 
2018-08-25 14:48:13 +0000  6877 bytes for ./assets/src/components/checkbox/img/unSelect.png
2018-08-25 14:48:13 +0000  copying file ./assets/src/components/tabbar/img/u6.png ... 
2018-08-25 14:48:13 +0000  3890 bytes for ./assets/src/components/tabbar/img/u6.png
copying file ./assets/src/components/tabbar/img/u14.png ... 
2018-08-25 14:48:13 +0000  4154 bytes for ./assets/src/components/tabbar/img/u14.png
copying file ./assets/src/components/tabbar/img/u12.png ... 
2018-08-25 14:48:13 +0000  4636 bytes for ./assets/src/components/tabbar/img/u12.png
copying file ./assets/src/components/tabbar/img/u10.png ... 
2018-08-25 14:48:13 +0000  4260 bytes for ./assets/src/components/tabbar/img/u10.png
copying file ./assets/src/components/tabbar/img/u8.png ... 
2018-08-25 14:48:13 +0000  3761 bytes for ./assets/src/components/tabbar/img/u8.png
2018-08-25 14:48:13 +0000  copying file ./assets/src/components/tip/img/error.png ... 
2018-08-25 14:48:13 +0000  1174 bytes for ./assets/src/components/tip/img/error.png
2018-08-25 14:48:13 +0000  copying file ./assets/src/components/tip/img/success.png ... 
2018-08-25 14:48:13 +0000  1173 bytes for ./assets/src/components/tip/img/success.png
2018-08-25 14:48:13 +0000  copying file ./assets/src/components/loading-image/img/error.png ... 
2018-08-25 14:48:13 +0000  900 bytes for ./assets/src/components/loading-image/img/error.png
2018-08-25 14:48:13 +0000  copying file ./assets/src/components/logout-modal/img/error.png ... 
2018-08-25 14:48:13 +0000  936 bytes for ./assets/src/components/logout-modal/img/error.png
2018-08-25 14:48:13 +0000  copying file ./assets/src/components/update-modal/img/hint.png ... 
2018-08-25 14:48:13 +0000  2088 bytes for ./assets/src/components/update-modal/img/hint.png
2018-08-25 14:48:13 +0000  copying file ./assets/src/components/header/img/return.png ... 
2018-08-25 14:48:13 +0000  2815 bytes for ./assets/src/components/header/img/return.png
2018-08-25 14:48:13 +0000  copying file ./assets/src/components/toggle-button/img/code.png ... 
2018-08-25 14:48:13 +0000  3562 bytes for ./assets/src/components/toggle-button/img/code.png
2018-08-25 14:48:13 +0000  copying file ./assets/src/components/toggle-button/img/user.png ... 
2018-08-25 14:48:13 +0000  8972 bytes for ./assets/src/components/toggle-button/img/user.png
2018-08-25 14:48:13 +0000  copying file ./assets/src/components/toggle-button/img/arrow.png ... 
2018-08-25 14:48:13 +0000  625 bytes for ./assets/src/components/toggle-button/img/arrow.png
2018-08-25 14:48:13 +0000  copying file ./assets/src/components/toggle-button/img/run.png ... 
2018-08-25 14:48:13 +0000  10184 bytes for ./assets/src/components/toggle-button/img/run.png
2018-08-25 14:48:13 +0000  copying file ./assets/src/components/toggle-button/img/bg@2x.png ... 
2018-08-25 14:48:13 +0000  39882 bytes for ./assets/src/components/toggle-button/img/bg@2x.png
2018-08-25 14:48:13 +0000  copying file ./assets/src/components/toggle-button/img/bg@3x.png ... 
2018-08-25 14:48:13 +0000  73697 bytes for ./assets/src/components/toggle-button/img/bg@3x.png
copying file ./assets/src/components/toggle-button/img/run@2x.png ... 
2018-08-25 14:48:13 +0000  3231 bytes for ./assets/src/components/toggle-button/img/run@2x.png
copying file ./assets/src/components/toggle-button/img/user@3x.png ... 
2018-08-25 14:48:13 +0000  4924 bytes for ./assets/src/components/toggle-button/img/user@3x.png
copying file ./assets/src/components/toggle-button/img/user@2x.png ... 
2018-08-25 14:48:13 +0000  2543 bytes for ./assets/src/components/toggle-button/img/user@2x.png
2018-08-25 14:48:13 +0000  copying file ./assets/src/components/toggle-button/img/run@3x.png ... 
2018-08-25 14:48:13 +0000  6586 bytes for ./assets/src/components/toggle-button/img/run@3x.png
copying file ./assets/src/components/toggle-button/img/bg.png ... 
2018-08-25 14:48:13 +0000  10283 bytes for ./assets/src/components/toggle-button/img/bg.png
2018-08-25 14:48:13 +0000  copying file ./assets/src/components/share-bar/img/u235.png ... 
2018-08-25 14:48:13 +0000  7000 bytes for ./assets/src/components/share-bar/img/u235.png
copying file ./assets/src/components/share-bar/img/u233.png ... 
2018-08-25 14:48:13 +0000  5476 bytes for ./assets/src/components/share-bar/img/u233.png
copying file ./assets/src/components/share-bar/img/u227.png ... 
2018-08-25 14:48:13 +0000  6057 bytes for ./assets/src/components/share-bar/img/u227.png
2018-08-25 14:48:13 +0000  copying file ./assets/src/components/share-bar/img/u231.png ... 
2018-08-25 14:48:13 +0000  5395 bytes for ./assets/src/components/share-bar/img/u231.png
copying file ./assets/src/components/share-bar/img/u229.png ... 
2018-08-25 14:48:13 +0000  4846 bytes for ./assets/src/components/share-bar/img/u229.png
2018-08-25 14:48:13 +0000  copying file ./assets/src/pages/transaction/img/u3.png ... 
2018-08-25 14:48:13 +0000  2992 bytes for ./assets/src/pages/transaction/img/u3.png
2018-08-25 14:48:13 +0000  copying file ./assets/src/pages/transaction/img/u326.png ... 
2018-08-25 14:48:13 +0000  2640 bytes for ./assets/src/pages/transaction/img/u326.png
2018-08-25 14:48:13 +0000  copying file ./assets/src/pages/home/img/search_list.png ... 
2018-08-25 14:48:13 +0000  1895 bytes for ./assets/src/pages/home/img/search_list.png
2018-08-25 14:48:13 +0000  copying file ./assets/src/pages/home/img/search@2x.png ... 
2018-08-25 14:48:13 +0000  1983 bytes for ./assets/src/pages/home/img/search@2x.png
2018-08-25 14:48:13 +0000  copying file ./assets/src/pages/home/img/switch.gif ... 
2018-08-25 14:48:13 +0000  34988 bytes for ./assets/src/pages/home/img/switch.gif
copying file ./assets/src/pages/home/img/search@3x.png ... 
2018-08-25 14:48:13 +0000  3166 bytes for ./assets/src/pages/home/img/search@3x.png
copying file ./assets/src/pages/home/img/map.png ... 
2018-08-25 14:48:13 +0000  5612 bytes for ./assets/src/pages/home/img/map.png
copying file ./assets/src/pages/home/img/free@3x.png ... 
2018-08-25 14:48:13 +0000  18869 bytes for ./assets/src/pages/home/img/free@3x.png
copying file ./assets/src/pages/home/img/free@2x.png ... 
2018-08-25 14:48:13 +0000  9736 bytes for ./assets/src/pages/home/img/free@2x.png
2018-08-25 14:48:13 +0000  copying file ./assets/src/pages/home/img/list.png ... 
2018-08-25 14:48:13 +0000  3635 bytes for ./assets/src/pages/home/img/list.png
2018-08-25 14:48:13 +0000  copying file ./assets/src/pages/home/img/selected.png ... 
2018-08-25 14:48:13 +0000  2746 bytes for ./assets/src/pages/home/img/selected.png
copying file ./assets/src/pages/home/img/search.png ... 
2018-08-25 14:48:13 +0000  4708 bytes for ./assets/src/pages/home/img/search.png
2018-08-25 14:48:13 +0000  copying file ./assets/src/pages/home/img/bg@2x.png ... 
2018-08-25 14:48:13 +0000  9694 bytes for ./assets/src/pages/home/img/bg@2x.png
2018-08-25 14:48:13 +0000  copying file ./assets/src/pages/home/img/dropdown@2x.png ... 
2018-08-25 14:48:13 +0000  1131 bytes for ./assets/src/pages/home/img/dropdown@2x.png
copying file ./assets/src/pages/home/img/logo.png ... 
2018-08-25 14:48:13 +0000  687927 bytes for ./assets/src/pages/home/img/logo.png
2018-08-25 14:48:13 +0000  copying file ./assets/src/pages/home/img/bg@3x.png ... 
2018-08-25 14:48:13 +0000  16812 bytes for ./assets/src/pages/home/img/bg@3x.png
2018-08-25 14:48:13 +0000  copying file ./assets/src/pages/home/img/natvgation.png ... 
2018-08-25 14:48:13 +0000  4673 bytes for ./assets/src/pages/home/img/natvgation.png
copying file ./assets/src/pages/home/img/arrow_bottom.png ... 
2018-08-25 14:48:13 +0000  2775 bytes for ./assets/src/pages/home/img/arrow_bottom.png
copying file ./assets/src/pages/home/img/right.png ... 
2018-08-25 14:48:13 +0000  4700 bytes for ./assets/src/pages/home/img/right.png
2018-08-25 14:48:13 +0000  copying file ./assets/src/pages/payResult/img/error.png ... 
2018-08-25 14:48:13 +0000  4706 bytes for ./assets/src/pages/payResult/img/error.png
2018-08-25 14:48:13 +0000  copying file ./assets/src/pages/payResult/img/success.png ... 
2018-08-25 14:48:13 +0000  4505 bytes for ./assets/src/pages/payResult/img/success.png
2018-08-25 14:48:13 +0000  copying file ./assets/src/pages/activity/img/u235.png ... 
2018-08-25 14:48:13 +0000  7000 bytes for ./assets/src/pages/activity/img/u235.png
copying file ./assets/src/pages/activity/img/a2@2x.png ... 
2018-08-25 14:48:13 +0000  241002 bytes for ./assets/src/pages/activity/img/a2@2x.png
copying file ./assets/src/pages/activity/img/u233.png ... 
2018-08-25 14:48:13 +0000  5476 bytes for ./assets/src/pages/activity/img/u233.png
copying file ./assets/src/pages/activity/img/u227.png ... 
2018-08-25 14:48:13 +0000  6057 bytes for ./assets/src/pages/activity/img/u227.png
2018-08-25 14:48:13 +0000  copying file ./assets/src/pages/activity/img/a2@3x.png ... 
2018-08-25 14:48:13 +0000  495036 bytes for ./assets/src/pages/activity/img/a2@3x.png
2018-08-25 14:48:13 +0000  copying file ./assets/src/pages/activity/img/u231.png ... 
2018-08-25 14:48:13 +0000  5395 bytes for ./assets/src/pages/activity/img/u231.png
2018-08-25 14:48:13 +0000  copying file ./assets/src/pages/activity/img/组6@2x.png ... 
2018-08-25 14:48:13 +0000  19684 bytes for ./assets/src/pages/activity/img/组6@2x.png
2018-08-25 14:48:13 +0000  copying file ./assets/src/pages/activity/img/运动分享没脸长脸@2x.png ... 
2018-08-25 14:48:13 +0000  3528 bytes for ./assets/src/pages/activity/img/运动分享没脸长脸@2x.png
copying file ./assets/src/pages/activity/img/3@3x.png ... 
2018-08-25 14:48:13 +0000  171910 bytes for ./assets/src/pages/activity/img/3@3x.png
copying file ./assets/src/pages/activity/img/没脸邀请共享健康@3x.png ... 
2018-08-25 14:48:13 +0000  5628 bytes for ./assets/src/pages/activity/img/没脸邀请共享健康@3x.png
2018-08-25 14:48:13 +0000  copying file ./assets/src/pages/activity/img/组7.png ... 
2018-08-25 14:48:13 +0000  11516 bytes for ./assets/src/pages/activity/img/组7.png
copying file ./assets/src/pages/activity/img/没脸邀请共享健康@2x.png ... 
2018-08-25 14:48:13 +0000  4157 bytes for ./assets/src/pages/activity/img/没脸邀请共享健康@2x.png
copying file ./assets/src/pages/activity/img/3@2x.png ... 
2018-08-25 14:48:13 +0000  87909 bytes for ./assets/src/pages/activity/img/3@2x.png
copying file ./assets/src/pages/activity/img/组6@3x.png ... 
2018-08-25 14:48:13 +0000  53217 bytes for ./assets/src/pages/activity/img/组6@3x.png
2018-08-25 14:48:13 +0000  copying file ./assets/src/pages/activity/img/运动分享没脸长脸@3x.png ... 
2018-08-25 14:48:13 +0000  4239 bytes for ./assets/src/pages/activity/img/运动分享没脸长脸@3x.png
2018-08-25 14:48:13 +0000  copying file ./assets/src/pages/activity/img/a1@3x.png ... 
2018-08-25 14:48:13 +0000  285264 bytes for ./assets/src/pages/activity/img/a1@3x.png
copying file ./assets/src/pages/activity/img/13@2x.png ... 
2018-08-25 14:48:13 +0000  164231 bytes for ./assets/src/pages/activity/img/13@2x.png
2018-08-25 14:48:13 +0000  copying file ./assets/src/pages/activity/img/a3@2x.png ... 
2018-08-25 14:48:13 +0000  205507 bytes for ./assets/src/pages/activity/img/a3@2x.png
copying file ./assets/src/pages/activity/img/4@3x.png ... 
2018-08-25 14:48:13 +0000  322934 bytes for ./assets/src/pages/activity/img/4@3x.png
2018-08-25 14:48:13 +0000  copying file ./assets/src/pages/activity/img/4@2x.png ... 
2018-08-25 14:48:13 +0000  172516 bytes for ./assets/src/pages/activity/img/4@2x.png
2018-08-25 14:48:13 +0000  copying file ./assets/src/pages/activity/img/share.png ... 
2018-08-25 14:48:13 +0000  2754 bytes for ./assets/src/pages/activity/img/share.png
2018-08-25 14:48:13 +0000  copying file ./assets/src/pages/activity/img/13@3x.png ... 
2018-08-25 14:48:13 +0000  316246 bytes for ./assets/src/pages/activity/img/13@3x.png
copying file ./assets/src/pages/activity/img/a1@2x.png ... 
2018-08-25 14:48:13 +0000  129353 bytes for ./assets/src/pages/activity/img/a1@2x.png
copying file ./assets/src/pages/activity/img/没脸在一起火拼好身材@3x.png ... 
2018-08-25 14:48:13 +0000  4796 bytes for ./assets/src/pages/activity/img/没脸在一起火拼好身材@3x.png
copying file ./assets/src/pages/activity/img/u229.png ... 
2018-08-25 14:48:13 +0000  4846 bytes for ./assets/src/pages/activity/img/u229.png
copying file ./assets/src/pages/activity/img/t.png ... 
2018-08-25 14:48:13 +0000  237418 bytes for ./assets/src/pages/activity/img/t.png
copying file ./assets/src/pages/activity/img/组7@2x.png ... 
2018-08-25 14:48:13 +0000  19317 bytes for ./assets/src/pages/activity/img/组7@2x.png
copying file ./assets/src/pages/activity/img/f.png ... 
2018-08-25 14:48:13 +0000  168685 bytes for ./assets/src/pages/activity/img/f.png
copying file ./assets/src/pages/activity/img/没脸在一起火拼好身材@2x.png ... 
2018-08-25 14:48:13 +0000  3867 bytes for ./assets/src/pages/activity/img/没脸在一起火拼好身材@2x.png
2018-08-25 14:48:13 +0000  copying file ./assets/src/pages/activity/img/fenxiang.png ... 
2018-08-25 14:48:13 +0000  47281 bytes for ./assets/src/pages/activity/img/fenxiang.png
2018-08-25 14:48:13 +0000  copying file ./assets/src/pages/discountsCard/img/u6.png ... 
2018-08-25 14:48:13 +0000  4968 bytes for ./assets/src/pages/discountsCard/img/u6.png
2018-08-25 14:48:13 +0000  copying file ./assets/src/pages/discountsCard/img/u3.png ... 
2018-08-25 14:48:13 +0000  14896 bytes for ./assets/src/pages/discountsCard/img/u3.png
2018-08-25 14:48:13 +0000  copying file ./assets/src/pages/discountsCard/img/u35.png ... 
2018-08-25 14:48:13 +0000  7109 bytes for ./assets/src/pages/discountsCard/img/u35.png
2018-08-25 14:48:13 +0000  copying file ./assets/src/pages/pay/img/u235.png ... 
2018-08-25 14:48:13 +0000  7000 bytes for ./assets/src/pages/pay/img/u235.png
2018-08-25 14:48:13 +0000  copying file ./assets/src/pages/pay/img/u233.png ... 
2018-08-25 14:48:13 +0000  5476 bytes for ./assets/src/pages/pay/img/u233.png
2018-08-25 14:48:13 +0000  copying file ./assets/src/pages/pay/img/u227.png ... 
2018-08-25 14:48:13 +0000  6057 bytes for ./assets/src/pages/pay/img/u227.png
2018-08-25 14:48:13 +0000  copying file ./assets/src/pages/pay/img/u231.png ... 
2018-08-25 14:48:13 +0000  5395 bytes for ./assets/src/pages/pay/img/u231.png
2018-08-25 14:48:13 +0000  copying file ./assets/src/pages/pay/img/u17.png ... 
2018-08-25 14:48:13 +0000  2810 bytes for ./assets/src/pages/pay/img/u17.png
2018-08-25 14:48:13 +0000  copying file ./assets/src/pages/pay/img/u14_line.png ... 
2018-08-25 14:48:13 +0000  147 bytes for ./assets/src/pages/pay/img/u14_line.png
2018-08-25 14:48:13 +0000  copying file ./assets/src/pages/pay/img/logo.png ... 
2018-08-25 14:48:13 +0000  687927 bytes for ./assets/src/pages/pay/img/logo.png
copying file ./assets/src/pages/pay/img/u229.png ... 
2018-08-25 14:48:13 +0000  4846 bytes for ./assets/src/pages/pay/img/u229.png
copying file ./assets/src/pages/pay/img/arrow-bottom.png ... 
2018-08-25 14:48:13 +0000  1711 bytes for ./assets/src/pages/pay/img/arrow-bottom.png
2018-08-25 14:48:13 +0000  copying file ./assets/src/pages/pay/img/u204.png ... 
2018-08-25 14:48:13 +0000  6567 bytes for ./assets/src/pages/pay/img/u204.png
2018-08-25 14:48:13 +0000  copying file ./assets/src/pages/store-detail/img/u141.png ... 
2018-08-25 14:48:13 +0000  3311 bytes for ./assets/src/pages/store-detail/img/u141.png
copying file ./assets/src/pages/store-detail/img/u0.png ... 
2018-08-25 14:48:13 +0000  299021 bytes for ./assets/src/pages/store-detail/img/u0.png
2018-08-25 14:48:13 +0000  copying file ./assets/src/pages/store-detail/img/u101.png ... 
2018-08-25 14:48:13 +0000  4673 bytes for ./assets/src/pages/store-detail/img/u101.png
copying file ./assets/src/pages/store-detail/img/u177.png ... 
2018-08-25 14:48:13 +0000  4117 bytes for ./assets/src/pages/store-detail/img/u177.png
2018-08-25 14:48:13 +0000  copying file ./assets/src/pages/store-detail/img/u204.png ... 
2018-08-25 14:48:13 +0000  6567 bytes for ./assets/src/pages/store-detail/img/u204.png
2018-08-25 14:48:13 +0000  copying file ./assets/src/pages/user/img/u16.png ... 
2018-08-25 14:48:13 +0000  3198 bytes for ./assets/src/pages/user/img/u16.png
2018-08-25 14:48:13 +0000  copying file ./assets/src/pages/user/img/u133.png ... 
2018-08-25 14:48:13 +0000  4015 bytes for ./assets/src/pages/user/img/u133.png
copying file ./assets/src/pages/user/img/u128.png ... 
2018-08-25 14:48:13 +0000  8662 bytes for ./assets/src/pages/user/img/u128.png
copying file ./assets/src/pages/user/img/u36.png ... 
2018-08-25 14:48:13 +0000  5699 bytes for ./assets/src/pages/user/img/u36.png
2018-08-25 14:48:13 +0000  copying file ./assets/src/pages/user/img/u106.png ... 
2018-08-25 14:48:13 +0000  14896 bytes for ./assets/src/pages/user/img/u106.png
2018-08-25 14:48:13 +0000  copying file ./assets/src/pages/user/img/lv@3x.png ... 
2018-08-25 14:48:13 +0000  2911 bytes for ./assets/src/pages/user/img/lv@3x.png
2018-08-25 14:48:13 +0000  copying file ./assets/src/pages/user/img/lv@2x.png ... 
2018-08-25 14:48:13 +0000  1863 bytes for ./assets/src/pages/user/img/lv@2x.png
copying file ./assets/src/pages/user/img/u78.png ... 
2018-08-25 14:48:13 +0000  6109 bytes for ./assets/src/pages/user/img/u78.png
2018-08-25 14:48:13 +0000  copying file ./assets/src/pages/feedback/img/u284.png ... 
2018-08-25 14:48:13 +0000  4706 bytes for ./assets/src/pages/feedback/img/u284.png
2018-08-25 14:48:13 +0000  copying file ./assets/src/pages/feedback/img/2.png ... 
2018-08-25 14:48:13 +0000  463593 bytes for ./assets/src/pages/feedback/img/2.png
copying file ./assets/src/pages/feedback/img/1.png ... 
2018-08-25 14:48:13 +0000  399394 bytes for ./assets/src/pages/feedback/img/1.png
2018-08-25 14:48:13 +0000  copying file ./assets/src/pages/feedback/img/u204.png ... 
2018-08-25 14:48:13 +0000  6567 bytes for ./assets/src/pages/feedback/img/u204.png
2018-08-25 14:48:13 +0000  copying file ./assets/src/pages/recharge/img/huodong@3x.png ... 
2018-08-25 14:48:13 +0000  49450 bytes for ./assets/src/pages/recharge/img/huodong@3x.png
copying file ./assets/src/pages/recharge/img/huodong@2x.png ... 
2018-08-25 14:48:13 +0000  25536 bytes for ./assets/src/pages/recharge/img/huodong@2x.png
copying file ./assets/src/pages/recharge/img/wechat.png ... 
2018-08-25 14:48:13 +0000  4901 bytes for ./assets/src/pages/recharge/img/wechat.png
copying file ./assets/src/pages/recharge/img/zfb.png ... 
2018-08-25 14:48:13 +0000  5712 bytes for ./assets/src/pages/recharge/img/zfb.png
2018-08-25 14:48:13 +0000  copying file ./assets/src/pages/wallet/img/u14.png ... 
2018-08-25 14:48:13 +0000  5221 bytes for ./assets/src/pages/wallet/img/u14.png
2018-08-25 14:48:13 +0000  copying file ./assets/src/pages/wallet/img/u20.png ... 
2018-08-25 14:48:13 +0000  4804 bytes for ./assets/src/pages/wallet/img/u20.png
2018-08-25 14:48:13 +0000  copying file ./assets/src/pages/Fitnessrecord/img/_运动记录@2x.png ... 
2018-08-25 14:48:13 +0000  42435 bytes for ./assets/src/pages/Fitnessrecord/img/_运动记录@2x.png
2018-08-25 14:48:13 +0000  copying file ./assets/src/pages/Fitnessrecord/img/_运动记录@3x.png ... 
2018-08-25 14:48:13 +0000  84761 bytes for ./assets/src/pages/Fitnessrecord/img/_运动记录@3x.png
2018-08-25 14:48:13 +0000  copying file ./assets/src/pages/Fitnessrecord/img/logo.png ... 
2018-08-25 14:48:13 +0000  687927 bytes for ./assets/src/pages/Fitnessrecord/img/logo.png
copying file ./assets/src/pages/Fitnessrecord/img/jiantou.png ... 
2018-08-25 14:48:13 +0000  2333 bytes for ./assets/src/pages/Fitnessrecord/img/jiantou.png
2018-08-25 14:48:13 +0000  copying file ./Info.plist ... 
2018-08-25 14:48:13 +0000  3077 bytes for ./Info.plist
copying file ./PkgInfo ... 
2018-08-25 14:48:13 +0000  8 bytes for ./PkgInfo
2018-08-25 14:48:13 +0000  2018-08-25 14:48:13 +0000  

2018-08-25 14:48:13 +0000  
2018-08-25 14:48:13 +0000  /usr/bin/ditto exited with 02018-08-25 14:48:13 +0000  

2018-08-25 14:48:13 +0000  
2018-08-25 14:48:13 +0000  Processing step: IDEDistributionEmbedProfileStep
2018-08-25 14:48:13 +0000  Processing step: IDEDistributionItemRemovalStep
2018-08-25 14:48:13 +0000  Processing step: IDEDistributionAppThinningPlistStep
2018-08-25 14:48:13 +0000  Skipping step: IDEDistributionAppThinningPlistStep because it said so
2018-08-25 14:48:13 +0000  Processing step: IDEDistributionCompileBitcodeStep
2018-08-25 14:48:13 +0000  Skipping step: IDEDistributionCompileBitcodeStep because it said so
2018-08-25 14:48:13 +0000  Processing step: IDEDistributionCodeSlimmingStep
2018-08-25 14:48:14 +0000  Processing step: IDEDistributionCopyBCSymbolMapsStep
2018-08-25 14:48:14 +0000  Running /usr/bin/ditto '-V' '/Users/taiaiqiang/Library/Developer/Xcode/Archives/2018-08-25/nofase 2018-8-25 下午10.47.xcarchive/BCSymbolMaps/E79A5E38-8311-30B3-A513-400821E2C0E8.bcsymbolmap' '/var/folders/z4/4dyqy3zx6z75fmd3qyn4c7wc0000gn/T/XcodeDistPipeline.l3E/Root/BCSymbolMaps/E79A5E38-8311-30B3-A513-400821E2C0E8.bcsymbolmap'
2018-08-25 14:48:14 +0000  >>> Copying /Users/taiaiqiang/Library/Developer/Xcode/Archives/2018-08-25/nofase 2018-8-25 下午10.47.xcarchive/BCSymbolMaps/E79A5E38-8311-30B3-A513-400821E2C0E8.bcsymbolmap 
2018-08-25 14:48:14 +0000  copying file ./E79A5E38-8311-30B3-A513-400821E2C0E8.bcsymbolmap ... 
2018-08-25 14:48:14 +0000  1578076 bytes for ./E79A5E38-8311-30B3-A513-400821E2C0E8.bcsymbolmap
2018-08-25 14:48:14 +0000  
2018-08-25 14:48:14 +0000  
2018-08-25 14:48:14 +0000  /usr/bin/ditto exited with 0
2018-08-25 14:48:14 +0000  2018-08-25 14:48:14 +0000  

2018-08-25 14:48:14 +0000  Running /usr/bin/ditto '-V' '/Users/taiaiqiang/Library/Developer/Xcode/Archives/2018-08-25/nofase 2018-8-25 下午10.47.xcarchive/BCSymbolMaps/B61575A1-BC80-36FE-8DE9-E1F3C64C8FEC.bcsymbolmap' '/var/folders/z4/4dyqy3zx6z75fmd3qyn4c7wc0000gn/T/XcodeDistPipeline.l3E/Root/BCSymbolMaps/B61575A1-BC80-36FE-8DE9-E1F3C64C8FEC.bcsymbolmap'
2018-08-25 14:48:14 +0000  >>> Copying /Users/taiaiqiang/Library/Developer/Xcode/Archives/2018-08-25/nofase 2018-8-25 下午10.47.xcarchive/BCSymbolMaps/B61575A1-BC80-36FE-8DE9-E1F3C64C8FEC.bcsymbolmap 
2018-08-25 14:48:14 +0000  copying file ./B61575A1-BC80-36FE-8DE9-E1F3C64C8FEC.bcsymbolmap ... 
2018-08-25 14:48:14 +0000  1585584 bytes for ./B61575A1-BC80-36FE-8DE9-E1F3C64C8FEC.bcsymbolmap
2018-08-25 14:48:14 +0000  2018-08-25 14:48:14 +0000  

2018-08-25 14:48:14 +0000  /usr/bin/ditto exited with 0
2018-08-25 14:48:14 +0000  
2018-08-25 14:48:14 +0000  
2018-08-25 14:48:14 +0000  Processing step: IDEDistributionSymbolsStep
2018-08-25 14:48:14 +0000  Excluding symbols for nofase.app
2018-08-25 14:48:14 +0000  Processing step: IDEDistributionCopyAppleProvidedContentStep
2018-08-25 14:48:14 +0000  Processing step: IDEDistributionAppThinningStep
2018-08-25 14:48:14 +0000  Skipping step: IDEDistributionAppThinningStep because it said so
2018-08-25 14:48:14 +0000  Processing step: IDEDistributionODRStep
2018-08-25 14:48:14 +0000  Processing step: IDEDistributionStripXattrsStep
2018-08-25 14:48:14 +0000  Running /usr/bin/xattr '-crs' '/var/folders/z4/4dyqy3zx6z75fmd3qyn4c7wc0000gn/T/XcodeDistPipeline.l3E/Root/Payload/nofase.app'
2018-08-25 14:48:14 +0000  2018-08-25 14:48:14 +0000  

2018-08-25 14:48:14 +0000  /usr/bin/xattr exited with 0
2018-08-25 14:48:14 +0000  
2018-08-25 14:48:14 +0000  
2018-08-25 14:48:14 +0000  Processing step: IDEDistributionCodesignStep
2018-08-25 14:48:14 +0000  Applying entitlements delta for <IDEDistributionItem: 0x7fe9b8abca40 'org.reactjs.native.example.nofase' '<DVTFilePath:0x7fe9b16462e0:'/Users/taiaiqiang/Library/Developer/Xcode/Archives/2018-08-25/nofase 2018-8-25 下午10.47.xcarchive/Products/Applications/nofase.app'>'> from <IDEiCloudEntitlementsProcessor: 0x7fe9b26bace0>: {
}
2018-08-25 14:48:14 +0000  Entitlements for <IDEDistributionItem: 0x7fe9b8abca40 'org.reactjs.native.example.nofase' '<DVTFilePath:0x7fe9b16462e0:'/Users/taiaiqiang/Library/Developer/Xcode/Archives/2018-08-25/nofase 2018-8-25 下午10.47.xcarchive/Products/Applications/nofase.app'>'>: {
    "application-identifier" = "B9X9R8AKSM.org.reactjs.native.example.nofase";
    "aps-environment" = production;
    "beta-reports-active" = 1;
    "com.apple.developer.team-identifier" = B9X9R8AKSM;
    "get-task-allow" = 0;
}
2018-08-25 14:48:14 +0000  Writing entitlements for <IDEDistributionItem: 0x7fe9b8abca40 'org.reactjs.native.example.nofase' '<DVTFilePath:0x7fe9b16462e0:'/Users/taiaiqiang/Library/Developer/Xcode/Archives/2018-08-25/nofase 2018-8-25 下午10.47.xcarchive/Products/Applications/nofase.app'>'> to: /var/folders/z4/4dyqy3zx6z75fmd3qyn4c7wc0000gn/T/XcodeDistPipeline.l3E/entitlementst3FInv
2018-08-25 14:48:14 +0000  Running /usr/bin/codesign '-vvv' '--force' '--sign' 'B858F9CADD515CB827B771F45B46DE6378B6D941' '--preserve-metadata=identifier,flags' '--entitlements' '/var/folders/z4/4dyqy3zx6z75fmd3qyn4c7wc0000gn/T/XcodeDistPipeline.l3E/entitlementst3FInv' '/var/folders/z4/4dyqy3zx6z75fmd3qyn4c7wc0000gn/T/XcodeDistPipeline.l3E/Root/Payload/nofase.app'
2018-08-25 14:48:15 +0000  /var/folders/z4/4dyqy3zx6z75fmd3qyn4c7wc0000gn/T/XcodeDistPipeline.l3E/Root/Payload/nofase.app: signed app bundle with Mach-O universal (armv7 arm64) [org.reactjs.native.example.nofase]
2018-08-25 14:48:15 +0000  2018-08-25 14:48:15 +0000  

2018-08-25 14:48:15 +0000  /usr/bin/codesign exited with 02018-08-25 14:48:15 +0000  

2018-08-25 14:48:15 +0000  
2018-08-25 14:48:15 +0000  
2018-08-25 14:48:15 +0000  Processing step: IDEDistributionStreamingZipItemStep
2018-08-25 14:48:15 +0000  Skipping step: IDEDistributionStreamingZipItemStep because it said so
2018-08-25 14:48:15 +0000  Processing step: IDEDistributionCreateIPAStep
2018-08-25 14:48:15 +0000  Running /usr/bin/ditto '-V' '-c' '-k' '--norsrc' '/var/folders/z4/4dyqy3zx6z75fmd3qyn4c7wc0000gn/T/XcodeDistPipeline.l3E/Root' '/var/folders/z4/4dyqy3zx6z75fmd3qyn4c7wc0000gn/T/XcodeDistPipeline.l3E/Packages/nofase.ipa'
2018-08-25 14:48:15 +0000  >>> Copying /var/folders/z4/4dyqy3zx6z75fmd3qyn4c7wc0000gn/T/XcodeDistPipeline.l3E/Root 
2018-08-25 14:48:15 +0000  copying file ./BCSymbolMaps/E79A5E38-8311-30B3-A513-400821E2C0E8.bcsymbolmap ... 
2018-08-25 14:48:15 +0000  1578076 bytes for ./BCSymbolMaps/E79A5E38-8311-30B3-A513-400821E2C0E8.bcsymbolmap
copying file ./BCSymbolMaps/B61575A1-BC80-36FE-8DE9-E1F3C64C8FEC.bcsymbolmap ... 
2018-08-25 14:48:15 +0000  1585584 bytes for ./BCSymbolMaps/B61575A1-BC80-36FE-8DE9-E1F3C64C8FEC.bcsymbolmap
2018-08-25 14:48:15 +0000  copying file ./Payload/nofase.app/_CodeSignature/CodeResources ... 
2018-08-25 14:48:15 +0000  75041 bytes for ./Payload/nofase.app/_CodeSignature/CodeResources
2018-08-25 14:48:15 +0000  copying file ./Payload/nofase.app/AppIcon20x20@2x.png ... 
2018-08-25 14:48:15 +0000  2310 bytes for ./Payload/nofase.app/AppIcon20x20@2x.png
copying file ./Payload/nofase.app/AppIcon20x20@3x.png ... 
2018-08-25 14:48:15 +0000  4075 bytes for ./Payload/nofase.app/AppIcon20x20@3x.png
2018-08-25 14:48:15 +0000  copying file ./Payload/nofase.app/UMSocialSDKResources.bundle/UMSocialWaterMark/umsocial_defaultwatermark.png ... 
2018-08-25 14:48:15 +0000  3003 bytes for ./Payload/nofase.app/UMSocialSDKResources.bundle/UMSocialWaterMark/umsocial_defaultwatermark.png
2018-08-25 14:48:15 +0000  copying file ./Payload/nofase.app/UMSocialSDKResources.bundle/zh-Hans.lproj/UMSocialLocalizable.strings ... 
2018-08-25 14:48:15 +0000  6685 bytes for ./Payload/nofase.app/UMSocialSDKResources.bundle/zh-Hans.lproj/UMSocialLocalizable.strings
2018-08-25 14:48:15 +0000  copying file ./Payload/nofase.app/UMSocialSDKResources.bundle/en.lproj/UMSocialLocalizable.strings ... 
2018-08-25 14:48:15 +0000  6503 bytes for ./Payload/nofase.app/UMSocialSDKResources.bundle/en.lproj/UMSocialLocalizable.strings
2018-08-25 14:48:15 +0000  copying file ./Payload/nofase.app/UMSocialSDKResources.bundle/Buttons/UMS_nav_button_close@2x.png ... 
2018-08-25 14:48:15 +0000  500 bytes for ./Payload/nofase.app/UMSocialSDKResources.bundle/Buttons/UMS_nav_button_close@2x.png
copying file ./Payload/nofase.app/UMSocialSDKResources.bundle/Buttons/UMS_url_image@2x.png ... 
2018-08-25 14:48:15 +0000  1562 bytes for ./Payload/nofase.app/UMSocialSDKResources.bundle/Buttons/UMS_url_image@2x.png
copying file ./Payload/nofase.app/UMSocialSDKResources.bundle/Buttons/UMS_url_music@2x.png ... 
2018-08-25 14:48:15 +0000  1771 bytes for ./Payload/nofase.app/UMSocialSDKResources.bundle/Buttons/UMS_url_music@2x.png
copying file ./Payload/nofase.app/UMSocialSDKResources.bundle/Buttons/UMS_add_friend_off@2x.png ... 
2018-08-25 14:48:15 +0000  134 bytes for ./Payload/nofase.app/UMSocialSDKResources.bundle/Buttons/UMS_add_friend_off@2x.png
copying file ./Payload/nofase.app/UMSocialSDKResources.bundle/Buttons/UMS_delete_image_button_normal@2x.png ... 
2018-08-25 14:48:15 +0000  891 bytes for ./Payload/nofase.app/UMSocialSDKResources.bundle/Buttons/UMS_delete_image_button_normal@2x.png
copying file ./Payload/nofase.app/UMSocialSDKResources.bundle/Buttons/UMS_nav_button_send@2x.png ... 
2018-08-25 14:48:15 +0000  1624 bytes for ./Payload/nofase.app/UMSocialSDKResources.bundle/Buttons/UMS_nav_button_send@2x.png
2018-08-25 14:48:15 +0000  copying file ./Payload/nofase.app/UMSocialSDKResources.bundle/Buttons/UMS_url_video@2x.png ... 
2018-08-25 14:48:15 +0000  2062 bytes for ./Payload/nofase.app/UMSocialSDKResources.bundle/Buttons/UMS_url_video@2x.png
2018-08-25 14:48:15 +0000  copying file ./Payload/nofase.app/UMSocialSDKResources.bundle/UMSocialPlatformTheme/default/umsocial_renren.png ... 
2018-08-25 14:48:15 +0000  1529 bytes for ./Payload/nofase.app/UMSocialSDKResources.bundle/UMSocialPlatformTheme/default/umsocial_renren.png
copying file ./Payload/nofase.app/UMSocialSDKResources.bundle/UMSocialPlatformTheme/default/umsocial_default.png ... 
2018-08-25 14:48:15 +0000  4203 bytes for ./Payload/nofase.app/UMSocialSDKResources.bundle/UMSocialPlatformTheme/default/umsocial_default.png
copying file ./Payload/nofase.app/UMSocialSDKResources.bundle/UMSocialPlatformTheme/default/umsocial_pinterest.png ... 
2018-08-25 14:48:15 +0000  1987 bytes for ./Payload/nofase.app/UMSocialSDKResources.bundle/UMSocialPlatformTheme/default/umsocial_pinterest.png
copying file ./Payload/nofase.app/UMSocialSDKResources.bundle/UMSocialPlatformTheme/default/umsocial_alipay.png ... 
2018-08-25 14:48:15 +0000  1370 bytes for ./Payload/nofase.app/UMSocialSDKResources.bundle/UMSocialPlatformTheme/default/umsocial_alipay.png
copying file ./Payload/nofase.app/UMSocialSDKResources.bundle/UMSocialPlatformTheme/default/umsocial_yixin_session.png ... 
2018-08-25 14:48:15 +0000  1833 bytes for ./Payload/nofase.app/UMSocialSDKResources.bundle/UMSocialPlatformTheme/default/umsocial_yixin_session.png
copying file ./Payload/nofase.app/UMSocialSDKResources.bundle/UMSocialPlatformTheme/default/umsocial_vkontakte.png ... 
2018-08-25 14:48:15 +0000  1867 bytes for ./Payload/nofase.app/UMSocialSDKResources.bundle/UMSocialPlatformTheme/default/umsocial_vkontakte.png
copying file ./Payload/nofase.app/UMSocialSDKResources.bundle/UMSocialPlatformTheme/default/umsocial_tim.png ... 
2018-08-25 14:48:15 +0000  2597 bytes for ./Payload/nofase.app/UMSocialSDKResources.bundle/UMSocialPlatformTheme/default/umsocial_tim.png
copying file ./Payload/nofase.app/UMSocialSDKResources.bundle/UMSocialPlatformTheme/default/umsocial_lw_session.png ... 
2018-08-25 14:48:15 +0000  2391 bytes for ./Payload/nofase.app/UMSocialSDKResources.bundle/UMSocialPlatformTheme/default/umsocial_lw_session.png
copying file ./Payload/nofase.app/UMSocialSDKResources.bundle/UMSocialPlatformTheme/default/umsocial_linkedin.png ... 
2018-08-25 14:48:15 +0000  1637 bytes for ./Payload/nofase.app/UMSocialSDKResources.bundle/UMSocialPlatformTheme/default/umsocial_linkedin.png
copying file ./Payload/nofase.app/UMSocialSDKResources.bundle/UMSocialPlatformTheme/default/umsocial_yixin_favorite.png ... 
2018-08-25 14:48:15 +0000  4145 bytes for ./Payload/nofase.app/UMSocialSDKResources.bundle/UMSocialPlatformTheme/default/umsocial_yixin_favorite.png
copying file ./Payload/nofase.app/UMSocialSDKResources.bundle/UMSocialPlatformTheme/default/umsocial_youdaonote.png ... 
2018-08-25 14:48:15 +0000  1158 bytes for ./Payload/nofase.app/UMSocialSDKResources.bundle/UMSocialPlatformTheme/default/umsocial_youdaonote.png
copying file ./Payload/nofase.app/UMSocialSDKResources.bundle/UMSocialPlatformTheme/default/umsocial_flickr.png ... 
2018-08-25 14:48:15 +0000  979 bytes for ./Payload/nofase.app/UMSocialSDKResources.bundle/UMSocialPlatformTheme/default/umsocial_flickr.png
copying file ./Payload/nofase.app/UMSocialSDKResources.bundle/UMSocialPlatformTheme/default/umsocial_line.png ... 
2018-08-25 14:48:15 +0000  1720 bytes for ./Payload/nofase.app/UMSocialSDKResources.bundle/UMSocialPlatformTheme/default/umsocial_line.png
copying file ./Payload/nofase.app/UMSocialSDKResources.bundle/UMSocialPlatformTheme/default/umsocial_email.png ... 
2018-08-25 14:48:15 +0000  1211 bytes for ./Payload/nofase.app/UMSocialSDKResources.bundle/UMSocialPlatformTheme/default/umsocial_email.png
copying file ./Payload/nofase.app/UMSocialSDKResources.bundle/UMSocialPlatformTheme/default/umsocial_sms.png ... 
2018-08-25 14:48:15 +0000  1127 bytes for ./Payload/nofase.app/UMSocialSDKResources.bundle/UMSocialPlatformTheme/default/umsocial_sms.png
copying file ./Payload/nofase.app/UMSocialSDKResources.bundle/UMSocialPlatformTheme/default/umsocial_evernote.png ... 
2018-08-25 14:48:15 +0000  1267 bytes for ./Payload/nofase.app/UMSocialSDKResources.bundle/UMSocialPlatformTheme/default/umsocial_evernote.png
copying file ./Payload/nofase.app/UMSocialSDKResources.bundle/UMSocialPlatformTheme/default/umsocial_twitter.png ... 
2018-08-25 14:48:15 +0000  1442 bytes for ./Payload/nofase.app/UMSocialSDKResources.bundle/UMSocialPlatformTheme/default/umsocial_twitter.png
copying file ./Payload/nofase.app/UMSocialSDKResources.bundle/UMSocialPlatformTheme/default/umsocial_whatsapp.png ... 
2018-08-25 14:48:15 +0000  1832 bytes for ./Payload/nofase.app/UMSocialSDKResources.bundle/UMSocialPlatformTheme/default/umsocial_whatsapp.png
copying file ./Payload/nofase.app/UMSocialSDKResources.bundle/UMSocialPlatformTheme/default/umsocial_googleplus.png ... 
2018-08-25 14:48:15 +0000  2320 bytes for ./Payload/nofase.app/UMSocialSDKResources.bundle/UMSocialPlatformTheme/default/umsocial_googleplus.png
copying file ./Payload/nofase.app/UMSocialSDKResources.bundle/UMSocialPlatformTheme/default/umsocial_douban.png ... 
2018-08-25 14:48:15 +0000  813 bytes for ./Payload/nofase.app/UMSocialSDKResources.bundle/UMSocialPlatformTheme/default/umsocial_douban.png
2018-08-25 14:48:15 +0000  copying file ./Payload/nofase.app/UMSocialSDKResources.bundle/UMSocialPlatformTheme/default/umsocial_lw_timeline.png ... 
2018-08-25 14:48:15 +0000  1139 bytes for ./Payload/nofase.app/UMSocialSDKResources.bundle/UMSocialPlatformTheme/default/umsocial_lw_timeline.png
copying file ./Payload/nofase.app/UMSocialSDKResources.bundle/UMSocialPlatformTheme/default/umsocial_facebook.png ... 
2018-08-25 14:48:15 +0000  1468 bytes for ./Payload/nofase.app/UMSocialSDKResources.bundle/UMSocialPlatformTheme/default/umsocial_facebook.png
copying file ./Payload/nofase.app/UMSocialSDKResources.bundle/UMSocialPlatformTheme/default/umsocial_dingding.png ... 
2018-08-25 14:48:15 +0000  1390 bytes for ./Payload/nofase.app/UMSocialSDKResources.bundle/UMSocialPlatformTheme/default/umsocial_dingding.png
copying file ./Payload/nofase.app/UMSocialSDKResources.bundle/UMSocialPlatformTheme/default/umsocial_wechat.png ... 
2018-08-25 14:48:15 +0000  1628 bytes for ./Payload/nofase.app/UMSocialSDKResources.bundle/UMSocialPlatformTheme/default/umsocial_wechat.png
copying file ./Payload/nofase.app/UMSocialSDKResources.bundle/UMSocialPlatformTheme/default/umsocial_yixin_timeline.png ... 
2018-08-25 14:48:15 +0000  2199 bytes for ./Payload/nofase.app/UMSocialSDKResources.bundle/UMSocialPlatformTheme/default/umsocial_yixin_timeline.png
2018-08-25 14:48:15 +0000  copying file ./Payload/nofase.app/UMSocialSDKResources.bundle/UMSocialPlatformTheme/default/umsocial_dropbox.png ... 
2018-08-25 14:48:15 +0000  1692 bytes for ./Payload/nofase.app/UMSocialSDKResources.bundle/UMSocialPlatformTheme/default/umsocial_dropbox.png
copying file ./Payload/nofase.app/UMSocialSDKResources.bundle/UMSocialPlatformTheme/default/umsocial_pocket.png ... 
2018-08-25 14:48:15 +0000  1405 bytes for ./Payload/nofase.app/UMSocialSDKResources.bundle/UMSocialPlatformTheme/default/umsocial_pocket.png
copying file ./Payload/nofase.app/UMSocialSDKResources.bundle/UMSocialPlatformTheme/default/umsocial_wechat_timeline.png ... 
2018-08-25 14:48:15 +0000  1506 bytes for ./Payload/nofase.app/UMSocialSDKResources.bundle/UMSocialPlatformTheme/default/umsocial_wechat_timeline.png
copying file ./Payload/nofase.app/UMSocialSDKResources.bundle/UMSocialPlatformTheme/default/umsocial_tencentWB.png ... 
2018-08-25 14:48:15 +0000  1943 bytes for ./Payload/nofase.app/UMSocialSDKResources.bundle/UMSocialPlatformTheme/default/umsocial_tencentWB.png
copying file ./Payload/nofase.app/UMSocialSDKResources.bundle/UMSocialPlatformTheme/default/umsocial_wechat_favorite.png ... 
2018-08-25 14:48:15 +0000  1179 bytes for ./Payload/nofase.app/UMSocialSDKResources.bundle/UMSocialPlatformTheme/default/umsocial_wechat_favorite.png
2018-08-25 14:48:15 +0000  copying file ./Payload/nofase.app/UMSocialSDKResources.bundle/UMSocialPlatformTheme/default/umsocial_sina.png ... 
2018-08-25 14:48:15 +0000  2581 bytes for ./Payload/nofase.app/UMSocialSDKResources.bundle/UMSocialPlatformTheme/default/umsocial_sina.png
copying file ./Payload/nofase.app/UMSocialSDKResources.bundle/UMSocialPlatformTheme/default/umsocial_tumblr.png ... 
2018-08-25 14:48:15 +0000  1564 bytes for ./Payload/nofase.app/UMSocialSDKResources.bundle/UMSocialPlatformTheme/default/umsocial_tumblr.png
copying file ./Payload/nofase.app/UMSocialSDKResources.bundle/UMSocialPlatformTheme/default/umsocial_kakaoTalk.png ... 
2018-08-25 14:48:15 +0000  1893 bytes for ./Payload/nofase.app/UMSocialSDKResources.bundle/UMSocialPlatformTheme/default/umsocial_kakaoTalk.png
2018-08-25 14:48:15 +0000  copying file ./Payload/nofase.app/UMSocialSDKResources.bundle/UMSocialPlatformTheme/default/umsocial_facebookmessenger.png ... 
2018-08-25 14:48:15 +0000  1749 bytes for ./Payload/nofase.app/UMSocialSDKResources.bundle/UMSocialPlatformTheme/default/umsocial_facebookmessenger.png
copying file ./Payload/nofase.app/UMSocialSDKResources.bundle/UMSocialPlatformTheme/default/umsocial_qzone.png ... 
2018-08-25 14:48:15 +0000  2083 bytes for ./Payload/nofase.app/UMSocialSDKResources.bundle/UMSocialPlatformTheme/default/umsocial_qzone.png
copying file ./Payload/nofase.app/UMSocialSDKResources.bundle/UMSocialPlatformTheme/default/umsocial_qq.png ... 
2018-08-25 14:48:15 +0000  3505 bytes for ./Payload/nofase.app/UMSocialSDKResources.bundle/UMSocialPlatformTheme/default/umsocial_qq.png
2018-08-25 14:48:15 +0000  copying file ./Payload/nofase.app/UMSocialSDKResources.bundle/UMSocialPlatformTheme/default/umsocial_instagram.png ... 
2018-08-25 14:48:15 +0000  1952 bytes for ./Payload/nofase.app/UMSocialSDKResources.bundle/UMSocialPlatformTheme/default/umsocial_instagram.png
copying file ./Payload/nofase.app/AppIcon60x60@2x.png ... 
2018-08-25 14:48:15 +0000  13219 bytes for ./Payload/nofase.app/AppIcon60x60@2x.png
2018-08-25 14:48:15 +0000  copying file ./Payload/nofase.app/AppIcon29x29@2x.png ... 
2018-08-25 14:48:15 +0000  3824 bytes for ./Payload/nofase.app/AppIcon29x29@2x.png
copying file ./Payload/nofase.app/AppIcon40x40@3x.png ... 
2018-08-25 14:48:15 +0000  13219 bytes for ./Payload/nofase.app/AppIcon40x40@3x.png
2018-08-25 14:48:15 +0000  copying file ./Payload/nofase.app/AppIcon40x40@2x.png ... 
2018-08-25 14:48:15 +0000  6684 bytes for ./Payload/nofase.app/AppIcon40x40@2x.png
2018-08-25 14:48:15 +0000  copying file ./Payload/nofase.app/UMSocialSDKPromptResources.bundle/zh-Hans.lproj/UMSocialPromptLocalizable.strings ... 
2018-08-25 14:48:15 +0000  8304 bytes for ./Payload/nofase.app/UMSocialSDKPromptResources.bundle/zh-Hans.lproj/UMSocialPromptLocalizable.strings
2018-08-25 14:48:15 +0000  copying file ./Payload/nofase.app/UMSocialSDKPromptResources.bundle/en.lproj/UMSocialPromptLocalizable.strings ... 
2018-08-25 14:48:15 +0000  8304 bytes for ./Payload/nofase.app/UMSocialSDKPromptResources.bundle/en.lproj/UMSocialPromptLocalizable.strings
2018-08-25 14:48:15 +0000  copying file ./Payload/nofase.app/AppIcon29x29@3x.png ... 
2018-08-25 14:48:15 +0000  7716 bytes for ./Payload/nofase.app/AppIcon29x29@3x.png
2018-08-25 14:48:15 +0000  copying file ./Payload/nofase.app/AppIcon60x60@3x.png ... 
2018-08-25 14:48:15 +0000  26728 bytes for ./Payload/nofase.app/AppIcon60x60@3x.png
2018-08-25 14:48:15 +0000  copying file ./Payload/nofase.app/index.ios.jsbundle ... 
2018-08-25 14:48:15 +0000  1035055 bytes for ./Payload/nofase.app/index.ios.jsbundle
2018-08-25 14:48:15 +0000  copying file ./Payload/nofase.app/Base.lproj/LaunchScreen.nib ... 
2018-08-25 14:48:15 +0000  3099 bytes for ./Payload/nofase.app/Base.lproj/LaunchScreen.nib
copying file ./Payload/nofase.app/archived-expanded-entitlements.xcent ... 
2018-08-25 14:48:15 +0000  246 bytes for ./Payload/nofase.app/archived-expanded-entitlements.xcent
copying file ./Payload/nofase.app/Assets.car ... 
2018-08-25 14:48:15 +0000  228456 bytes for ./Payload/nofase.app/Assets.car
2018-08-25 14:48:15 +0000  copying file ./Payload/nofase.app/main.jsbundle.meta ... 
21 bytes for ./Payload/nofase.app/main.jsbundle.meta
copying file ./Payload/nofase.app/nofase ... 
2018-08-25 14:48:17 +0000  49380656 bytes for ./Payload/nofase.app/nofase
copying file ./Payload/nofase.app/main.jsbundle ... 
2018-08-25 14:48:17 +0000  1035055 bytes for ./Payload/nofase.app/main.jsbundle
copying file ./Payload/nofase.app/LaunchImage-700-568h@2x.png ... 
2018-08-25 14:48:17 +0000  338939 bytes for ./Payload/nofase.app/LaunchImage-700-568h@2x.png
2018-08-25 14:48:17 +0000  copying file ./Payload/nofase.app/embedded.mobileprovision ... 
2018-08-25 14:48:17 +0000  11456 bytes for ./Payload/nofase.app/embedded.mobileprovision
2018-08-25 14:48:17 +0000  copying file ./Payload/nofase.app/assets/node_modules/react-navigation/src/views/assets/back-icon@3x.png ... 
2018-08-25 14:48:17 +0000  732 bytes for ./Payload/nofase.app/assets/node_modules/react-navigation/src/views/assets/back-icon@3x.png
copying file ./Payload/nofase.app/assets/node_modules/react-navigation/src/views/assets/back-icon@2x.png ... 
2018-08-25 14:48:17 +0000  534 bytes for ./Payload/nofase.app/assets/node_modules/react-navigation/src/views/assets/back-icon@2x.png
copying file ./Payload/nofase.app/assets/node_modules/react-navigation/src/views/assets/back-icon.png ... 
2018-08-25 14:48:17 +0000  379 bytes for ./Payload/nofase.app/assets/node_modules/react-navigation/src/views/assets/back-icon.png
2018-08-25 14:48:17 +0000  copying file ./Payload/nofase.app/assets/src/images/login/code.png ... 
2018-08-25 14:48:17 +0000  5129 bytes for ./Payload/nofase.app/assets/src/images/login/code.png
copying file ./Payload/nofase.app/assets/src/images/login/username.png ... 
2018-08-25 14:48:17 +0000  5035 bytes for ./Payload/nofase.app/assets/src/images/login/username.png
copying file ./Payload/nofase.app/assets/src/images/login/logo.png ... 
2018-08-25 14:48:17 +0000  6144 bytes for ./Payload/nofase.app/assets/src/images/login/logo.png
copying file ./Payload/nofase.app/assets/src/images/login/phone.png ... 
2018-08-25 14:48:17 +0000  2867 bytes for ./Payload/nofase.app/assets/src/images/login/phone.png
2018-08-25 14:48:17 +0000  copying file ./Payload/nofase.app/assets/src/images/login/wechat.png ... 
2018-08-25 14:48:17 +0000  5987 bytes for ./Payload/nofase.app/assets/src/images/login/wechat.png
copying file ./Payload/nofase.app/assets/src/images/login/bg.png ... 
2018-08-25 14:48:17 +0000  2992 bytes for ./Payload/nofase.app/assets/src/images/login/bg.png
2018-08-25 14:48:17 +0000  copying file ./Payload/nofase.app/assets/src/components/share-modal/img/u196.png ... 
2018-08-25 14:48:17 +0000  10224 bytes for ./Payload/nofase.app/assets/src/components/share-modal/img/u196.png
copying file ./Payload/nofase.app/assets/src/components/share-modal/img/nav.png ... 
2018-08-25 14:48:17 +0000  1807 bytes for ./Payload/nofase.app/assets/src/components/share-modal/img/nav.png
2018-08-25 14:48:17 +0000  copying file ./Payload/nofase.app/assets/src/components/share-modal/img/lv@3x.png ... 
2911 bytes for ./Payload/nofase.app/assets/src/components/share-modal/img/lv@3x.png
copying file ./Payload/nofase.app/assets/src/components/share-modal/img/u79.png ... 
2018-08-25 14:48:17 +0000  4700 bytes for ./Payload/nofase.app/assets/src/components/share-modal/img/u79.png
copying file ./Payload/nofase.app/assets/src/components/share-modal/img/lv@2x.png ... 
2018-08-25 14:48:17 +0000  1863 bytes for ./Payload/nofase.app/assets/src/components/share-modal/img/lv@2x.png
2018-08-25 14:48:17 +0000  copying file ./Payload/nofase.app/assets/src/components/share-modal/img/u78.png ... 
2018-08-25 14:48:17 +0000  6109 bytes for ./Payload/nofase.app/assets/src/components/share-modal/img/u78.png
copying file ./Payload/nofase.app/assets/src/components/share-modal/img/bg.png ... 
2018-08-25 14:48:17 +0000  209465 bytes for ./Payload/nofase.app/assets/src/components/share-modal/img/bg.png
2018-08-25 14:48:17 +0000  copying file ./Payload/nofase.app/assets/src/components/star-score/img/empty.png ... 
2018-08-25 14:48:17 +0000  7411 bytes for ./Payload/nofase.app/assets/src/components/star-score/img/empty.png
copying file ./Payload/nofase.app/assets/src/components/star-score/img/half.png ... 
2018-08-25 14:48:17 +0000  5329 bytes for ./Payload/nofase.app/assets/src/components/star-score/img/half.png
copying file ./Payload/nofase.app/assets/src/components/star-score/img/full.png ... 
2018-08-25 14:48:17 +0000  4627 bytes for ./Payload/nofase.app/assets/src/components/star-score/img/full.png
2018-08-25 14:48:17 +0000  copying file ./Payload/nofase.app/assets/src/components/checkbox/img/selected.png ... 
2018-08-25 14:48:17 +0000  6675 bytes for ./Payload/nofase.app/assets/src/components/checkbox/img/selected.png
copying file ./Payload/nofase.app/assets/src/components/checkbox/img/unSelect.png ... 
2018-08-25 14:48:17 +0000  6877 bytes for ./Payload/nofase.app/assets/src/components/checkbox/img/unSelect.png
2018-08-25 14:48:17 +0000  copying file ./Payload/nofase.app/assets/src/components/tabbar/img/u6.png ... 
2018-08-25 14:48:17 +0000  3890 bytes for ./Payload/nofase.app/assets/src/components/tabbar/img/u6.png
2018-08-25 14:48:17 +0000  copying file ./Payload/nofase.app/assets/src/components/tabbar/img/u14.png ... 
2018-08-25 14:48:17 +0000  4154 bytes for ./Payload/nofase.app/assets/src/components/tabbar/img/u14.png
copying file ./Payload/nofase.app/assets/src/components/tabbar/img/u12.png ... 
2018-08-25 14:48:17 +0000  4636 bytes for ./Payload/nofase.app/assets/src/components/tabbar/img/u12.png
2018-08-25 14:48:17 +0000  copying file ./Payload/nofase.app/assets/src/components/tabbar/img/u10.png ... 
2018-08-25 14:48:17 +0000  4260 bytes for ./Payload/nofase.app/assets/src/components/tabbar/img/u10.png
copying file ./Payload/nofase.app/assets/src/components/tabbar/img/u8.png ... 
2018-08-25 14:48:17 +0000  3761 bytes for ./Payload/nofase.app/assets/src/components/tabbar/img/u8.png
2018-08-25 14:48:17 +0000  copying file ./Payload/nofase.app/assets/src/components/tip/img/error.png ... 
2018-08-25 14:48:17 +0000  1174 bytes for ./Payload/nofase.app/assets/src/components/tip/img/error.png
copying file ./Payload/nofase.app/assets/src/components/tip/img/success.png ... 
1173 bytes for ./Payload/nofase.app/assets/src/components/tip/img/success.png
2018-08-25 14:48:17 +0000  copying file ./Payload/nofase.app/assets/src/components/loading-image/img/error.png ... 
2018-08-25 14:48:17 +0000  900 bytes for ./Payload/nofase.app/assets/src/components/loading-image/img/error.png
2018-08-25 14:48:17 +0000  copying file ./Payload/nofase.app/assets/src/components/logout-modal/img/error.png ... 
2018-08-25 14:48:17 +0000  936 bytes for ./Payload/nofase.app/assets/src/components/logout-modal/img/error.png
2018-08-25 14:48:17 +0000  copying file ./Payload/nofase.app/assets/src/components/update-modal/img/hint.png ... 
2018-08-25 14:48:17 +0000  2088 bytes for ./Payload/nofase.app/assets/src/components/update-modal/img/hint.png
2018-08-25 14:48:17 +0000  copying file ./Payload/nofase.app/assets/src/components/header/img/return.png ... 
2018-08-25 14:48:17 +0000  2815 bytes for ./Payload/nofase.app/assets/src/components/header/img/return.png
2018-08-25 14:48:17 +0000  copying file ./Payload/nofase.app/assets/src/components/toggle-button/img/code.png ... 
2018-08-25 14:48:17 +0000  3562 bytes for ./Payload/nofase.app/assets/src/components/toggle-button/img/code.png
copying file ./Payload/nofase.app/assets/src/components/toggle-button/img/user.png ... 
2018-08-25 14:48:17 +0000  8972 bytes for ./Payload/nofase.app/assets/src/components/toggle-button/img/user.png
2018-08-25 14:48:17 +0000  copying file ./Payload/nofase.app/assets/src/components/toggle-button/img/arrow.png ... 
2018-08-25 14:48:17 +0000  625 bytes for ./Payload/nofase.app/assets/src/components/toggle-button/img/arrow.png
copying file ./Payload/nofase.app/assets/src/components/toggle-button/img/run.png ... 
2018-08-25 14:48:17 +0000  10184 bytes for ./Payload/nofase.app/assets/src/components/toggle-button/img/run.png
2018-08-25 14:48:17 +0000  copying file ./Payload/nofase.app/assets/src/components/toggle-button/img/bg@2x.png ... 
2018-08-25 14:48:17 +0000  39882 bytes for ./Payload/nofase.app/assets/src/components/toggle-button/img/bg@2x.png
2018-08-25 14:48:17 +0000  copying file ./Payload/nofase.app/assets/src/components/toggle-button/img/bg@3x.png ... 
2018-08-25 14:48:17 +0000  73697 bytes for ./Payload/nofase.app/assets/src/components/toggle-button/img/bg@3x.png
copying file ./Payload/nofase.app/assets/src/components/toggle-button/img/run@2x.png ... 
2018-08-25 14:48:17 +0000  3231 bytes for ./Payload/nofase.app/assets/src/components/toggle-button/img/run@2x.png
copying file ./Payload/nofase.app/assets/src/components/toggle-button/img/user@3x.png ... 
2018-08-25 14:48:17 +0000  4924 bytes for ./Payload/nofase.app/assets/src/components/toggle-button/img/user@3x.png
2018-08-25 14:48:17 +0000  copying file ./Payload/nofase.app/assets/src/components/toggle-button/img/user@2x.png ... 
2018-08-25 14:48:17 +0000  2543 bytes for ./Payload/nofase.app/assets/src/components/toggle-button/img/user@2x.png
copying file ./Payload/nofase.app/assets/src/components/toggle-button/img/run@3x.png ... 
2018-08-25 14:48:17 +0000  6586 bytes for ./Payload/nofase.app/assets/src/components/toggle-button/img/run@3x.png
2018-08-25 14:48:17 +0000  copying file ./Payload/nofase.app/assets/src/components/toggle-button/img/bg.png ... 
2018-08-25 14:48:17 +0000  10283 bytes for ./Payload/nofase.app/assets/src/components/toggle-button/img/bg.png
2018-08-25 14:48:17 +0000  copying file ./Payload/nofase.app/assets/src/components/share-bar/img/u235.png ... 
2018-08-25 14:48:17 +0000  7000 bytes for ./Payload/nofase.app/assets/src/components/share-bar/img/u235.png
copying file ./Payload/nofase.app/assets/src/components/share-bar/img/u233.png ... 
2018-08-25 14:48:17 +0000  5476 bytes for ./Payload/nofase.app/assets/src/components/share-bar/img/u233.png
copying file ./Payload/nofase.app/assets/src/components/share-bar/img/u227.png ... 
2018-08-25 14:48:17 +0000  6057 bytes for ./Payload/nofase.app/assets/src/components/share-bar/img/u227.png
copying file ./Payload/nofase.app/assets/src/components/share-bar/img/u231.png ... 
2018-08-25 14:48:17 +0000  5395 bytes for ./Payload/nofase.app/assets/src/components/share-bar/img/u231.png
copying file ./Payload/nofase.app/assets/src/components/share-bar/img/u229.png ... 
2018-08-25 14:48:17 +0000  4846 bytes for ./Payload/nofase.app/assets/src/components/share-bar/img/u229.png
2018-08-25 14:48:17 +0000  copying file ./Payload/nofase.app/assets/src/pages/transaction/img/u3.png ... 
2018-08-25 14:48:17 +0000  2992 bytes for ./Payload/nofase.app/assets/src/pages/transaction/img/u3.png
2018-08-25 14:48:17 +0000  copying file ./Payload/nofase.app/assets/src/pages/transaction/img/u326.png ... 
2018-08-25 14:48:17 +0000  2640 bytes for ./Payload/nofase.app/assets/src/pages/transaction/img/u326.png
2018-08-25 14:48:17 +0000  copying file ./Payload/nofase.app/assets/src/pages/home/img/search_list.png ... 
2018-08-25 14:48:17 +0000  1895 bytes for ./Payload/nofase.app/assets/src/pages/home/img/search_list.png
copying file ./Payload/nofase.app/assets/src/pages/home/img/search@2x.png ... 
2018-08-25 14:48:17 +0000  1983 bytes for ./Payload/nofase.app/assets/src/pages/home/img/search@2x.png
copying file ./Payload/nofase.app/assets/src/pages/home/img/switch.gif ... 
2018-08-25 14:48:17 +0000  34988 bytes for ./Payload/nofase.app/assets/src/pages/home/img/switch.gif
copying file ./Payload/nofase.app/assets/src/pages/home/img/search@3x.png ... 
2018-08-25 14:48:17 +0000  3166 bytes for ./Payload/nofase.app/assets/src/pages/home/img/search@3x.png
copying file ./Payload/nofase.app/assets/src/pages/home/img/map.png ... 
2018-08-25 14:48:17 +0000  5612 bytes for ./Payload/nofase.app/assets/src/pages/home/img/map.png
copying file ./Payload/nofase.app/assets/src/pages/home/img/free@3x.png ... 
2018-08-25 14:48:17 +0000  18869 bytes for ./Payload/nofase.app/assets/src/pages/home/img/free@3x.png
copying file ./Payload/nofase.app/assets/src/pages/home/img/free@2x.png ... 
2018-08-25 14:48:17 +0000  9736 bytes for ./Payload/nofase.app/assets/src/pages/home/img/free@2x.png
copying file ./Payload/nofase.app/assets/src/pages/home/img/list.png ... 
2018-08-25 14:48:17 +0000  3635 bytes for ./Payload/nofase.app/assets/src/pages/home/img/list.png
copying file ./Payload/nofase.app/assets/src/pages/home/img/selected.png ... 
2018-08-25 14:48:17 +0000  2746 bytes for ./Payload/nofase.app/assets/src/pages/home/img/selected.png
2018-08-25 14:48:17 +0000  copying file ./Payload/nofase.app/assets/src/pages/home/img/search.png ... 
2018-08-25 14:48:17 +0000  4708 bytes for ./Payload/nofase.app/assets/src/pages/home/img/search.png
copying file ./Payload/nofase.app/assets/src/pages/home/img/bg@2x.png ... 
2018-08-25 14:48:17 +0000  9694 bytes for ./Payload/nofase.app/assets/src/pages/home/img/bg@2x.png
copying file ./Payload/nofase.app/assets/src/pages/home/img/dropdown@2x.png ... 
2018-08-25 14:48:17 +0000  1131 bytes for ./Payload/nofase.app/assets/src/pages/home/img/dropdown@2x.png
copying file ./Payload/nofase.app/assets/src/pages/home/img/logo.png ... 
2018-08-25 14:48:17 +0000  687927 bytes for ./Payload/nofase.app/assets/src/pages/home/img/logo.png
copying file ./Payload/nofase.app/assets/src/pages/home/img/bg@3x.png ... 
2018-08-25 14:48:17 +0000  16812 bytes for ./Payload/nofase.app/assets/src/pages/home/img/bg@3x.png
2018-08-25 14:48:17 +0000  copying file ./Payload/nofase.app/assets/src/pages/home/img/natvgation.png ... 
2018-08-25 14:48:17 +0000  4673 bytes for ./Payload/nofase.app/assets/src/pages/home/img/natvgation.png
copying file ./Payload/nofase.app/assets/src/pages/home/img/arrow_bottom.png ... 
2018-08-25 14:48:17 +0000  2775 bytes for ./Payload/nofase.app/assets/src/pages/home/img/arrow_bottom.png
copying file ./Payload/nofase.app/assets/src/pages/home/img/right.png ... 
2018-08-25 14:48:17 +0000  4700 bytes for ./Payload/nofase.app/assets/src/pages/home/img/right.png
2018-08-25 14:48:17 +0000  copying file ./Payload/nofase.app/assets/src/pages/payResult/img/error.png ... 
2018-08-25 14:48:17 +0000  4706 bytes for ./Payload/nofase.app/assets/src/pages/payResult/img/error.png
copying file ./Payload/nofase.app/assets/src/pages/payResult/img/success.png ... 
2018-08-25 14:48:17 +0000  4505 bytes for ./Payload/nofase.app/assets/src/pages/payResult/img/success.png
2018-08-25 14:48:17 +0000  copying file ./Payload/nofase.app/assets/src/pages/activity/img/u235.png ... 
2018-08-25 14:48:17 +0000  7000 bytes for ./Payload/nofase.app/assets/src/pages/activity/img/u235.png
copying file ./Payload/nofase.app/assets/src/pages/activity/img/a2@2x.png ... 
2018-08-25 14:48:17 +0000  241002 bytes for ./Payload/nofase.app/assets/src/pages/activity/img/a2@2x.png
copying file ./Payload/nofase.app/assets/src/pages/activity/img/u233.png ... 
2018-08-25 14:48:17 +0000  5476 bytes for ./Payload/nofase.app/assets/src/pages/activity/img/u233.png
2018-08-25 14:48:17 +0000  copying file ./Payload/nofase.app/assets/src/pages/activity/img/u227.png ... 
2018-08-25 14:48:17 +0000  6057 bytes for ./Payload/nofase.app/assets/src/pages/activity/img/u227.png
copying file ./Payload/nofase.app/assets/src/pages/activity/img/a2@3x.png ... 
2018-08-25 14:48:17 +0000  495036 bytes for ./Payload/nofase.app/assets/src/pages/activity/img/a2@3x.png
copying file ./Payload/nofase.app/assets/src/pages/activity/img/u231.png ... 
2018-08-25 14:48:17 +0000  5395 bytes for ./Payload/nofase.app/assets/src/pages/activity/img/u231.png
copying file ./Payload/nofase.app/assets/src/pages/activity/img/组6@2x.png ... 
2018-08-25 14:48:17 +0000  19684 bytes for ./Payload/nofase.app/assets/src/pages/activity/img/组6@2x.png
2018-08-25 14:48:17 +0000  copying file ./Payload/nofase.app/assets/src/pages/activity/img/运动分享没脸长脸@2x.png ... 
2018-08-25 14:48:17 +0000  3528 bytes for ./Payload/nofase.app/assets/src/pages/activity/img/运动分享没脸长脸@2x.png
copying file ./Payload/nofase.app/assets/src/pages/activity/img/3@3x.png ... 
2018-08-25 14:48:17 +0000  171910 bytes for ./Payload/nofase.app/assets/src/pages/activity/img/3@3x.png
copying file ./Payload/nofase.app/assets/src/pages/activity/img/没脸邀请共享健康@3x.png ... 
2018-08-25 14:48:17 +0000  5628 bytes for ./Payload/nofase.app/assets/src/pages/activity/img/没脸邀请共享健康@3x.png
2018-08-25 14:48:17 +0000  copying file ./Payload/nofase.app/assets/src/pages/activity/img/组7.png ... 
2018-08-25 14:48:17 +0000  11516 bytes for ./Payload/nofase.app/assets/src/pages/activity/img/组7.png
2018-08-25 14:48:17 +0000  copying file ./Payload/nofase.app/assets/src/pages/activity/img/没脸邀请共享健康@2x.png ... 
2018-08-25 14:48:17 +0000  4157 bytes for ./Payload/nofase.app/assets/src/pages/activity/img/没脸邀请共享健康@2x.png
copying file ./Payload/nofase.app/assets/src/pages/activity/img/3@2x.png ... 
2018-08-25 14:48:17 +0000  87909 bytes for ./Payload/nofase.app/assets/src/pages/activity/img/3@2x.png
2018-08-25 14:48:17 +0000  copying file ./Payload/nofase.app/assets/src/pages/activity/img/组6@3x.png ... 
2018-08-25 14:48:17 +0000  53217 bytes for ./Payload/nofase.app/assets/src/pages/activity/img/组6@3x.png
2018-08-25 14:48:17 +0000  copying file ./Payload/nofase.app/assets/src/pages/activity/img/运动分享没脸长脸@3x.png ... 
4239 bytes for ./Payload/nofase.app/assets/src/pages/activity/img/运动分享没脸长脸@3x.png
copying file ./Payload/nofase.app/assets/src/pages/activity/img/a1@3x.png ... 
2018-08-25 14:48:17 +0000  285264 bytes for ./Payload/nofase.app/assets/src/pages/activity/img/a1@3x.png
2018-08-25 14:48:17 +0000  copying file ./Payload/nofase.app/assets/src/pages/activity/img/13@2x.png ... 
2018-08-25 14:48:17 +0000  164231 bytes for ./Payload/nofase.app/assets/src/pages/activity/img/13@2x.png
2018-08-25 14:48:17 +0000  copying file ./Payload/nofase.app/assets/src/pages/activity/img/a3@2x.png ... 
2018-08-25 14:48:17 +0000  205507 bytes for ./Payload/nofase.app/assets/src/pages/activity/img/a3@2x.png
2018-08-25 14:48:17 +0000  copying file ./Payload/nofase.app/assets/src/pages/activity/img/4@3x.png ... 
2018-08-25 14:48:17 +0000  322934 bytes for ./Payload/nofase.app/assets/src/pages/activity/img/4@3x.png
copying file ./Payload/nofase.app/assets/src/pages/activity/img/4@2x.png ... 
2018-08-25 14:48:17 +0000  172516 bytes for ./Payload/nofase.app/assets/src/pages/activity/img/4@2x.png
copying file ./Payload/nofase.app/assets/src/pages/activity/img/share.png ... 
2018-08-25 14:48:17 +0000  2754 bytes for ./Payload/nofase.app/assets/src/pages/activity/img/share.png
copying file ./Payload/nofase.app/assets/src/pages/activity/img/13@3x.png ... 
2018-08-25 14:48:17 +0000  316246 bytes for ./Payload/nofase.app/assets/src/pages/activity/img/13@3x.png
copying file ./Payload/nofase.app/assets/src/pages/activity/img/a1@2x.png ... 
2018-08-25 14:48:17 +0000  129353 bytes for ./Payload/nofase.app/assets/src/pages/activity/img/a1@2x.png
copying file ./Payload/nofase.app/assets/src/pages/activity/img/没脸在一起火拼好身材@3x.png ... 
2018-08-25 14:48:17 +0000  4796 bytes for ./Payload/nofase.app/assets/src/pages/activity/img/没脸在一起火拼好身材@3x.png
2018-08-25 14:48:17 +0000  copying file ./Payload/nofase.app/assets/src/pages/activity/img/u229.png ... 
2018-08-25 14:48:17 +0000  4846 bytes for ./Payload/nofase.app/assets/src/pages/activity/img/u229.png
copying file ./Payload/nofase.app/assets/src/pages/activity/img/t.png ... 
2018-08-25 14:48:17 +0000  237418 bytes for ./Payload/nofase.app/assets/src/pages/activity/img/t.png
copying file ./Payload/nofase.app/assets/src/pages/activity/img/组7@2x.png ... 
2018-08-25 14:48:17 +0000  19317 bytes for ./Payload/nofase.app/assets/src/pages/activity/img/组7@2x.png
copying file ./Payload/nofase.app/assets/src/pages/activity/img/f.png ... 
2018-08-25 14:48:17 +0000  168685 bytes for ./Payload/nofase.app/assets/src/pages/activity/img/f.png
copying file ./Payload/nofase.app/assets/src/pages/activity/img/没脸在一起火拼好身材@2x.png ... 
3867 bytes for ./Payload/nofase.app/assets/src/pages/activity/img/没脸在一起火拼好身材@2x.png
copying file ./Payload/nofase.app/assets/src/pages/activity/img/fenxiang.png ... 
2018-08-25 14:48:17 +0000  47281 bytes for ./Payload/nofase.app/assets/src/pages/activity/img/fenxiang.png
2018-08-25 14:48:17 +0000  copying file ./Payload/nofase.app/assets/src/pages/discountsCard/img/u6.png ... 
2018-08-25 14:48:17 +0000  4968 bytes for ./Payload/nofase.app/assets/src/pages/discountsCard/img/u6.png
copying file ./Payload/nofase.app/assets/src/pages/discountsCard/img/u3.png ... 
2018-08-25 14:48:17 +0000  14896 bytes for ./Payload/nofase.app/assets/src/pages/discountsCard/img/u3.png
copying file ./Payload/nofase.app/assets/src/pages/discountsCard/img/u35.png ... 
2018-08-25 14:48:17 +0000  7109 bytes for ./Payload/nofase.app/assets/src/pages/discountsCard/img/u35.png
2018-08-25 14:48:17 +0000  copying file ./Payload/nofase.app/assets/src/pages/pay/img/u235.png ... 
2018-08-25 14:48:17 +0000  7000 bytes for ./Payload/nofase.app/assets/src/pages/pay/img/u235.png
copying file ./Payload/nofase.app/assets/src/pages/pay/img/u233.png ... 
2018-08-25 14:48:17 +0000  5476 bytes for ./Payload/nofase.app/assets/src/pages/pay/img/u233.png
copying file ./Payload/nofase.app/assets/src/pages/pay/img/u227.png ... 
2018-08-25 14:48:17 +0000  6057 bytes for ./Payload/nofase.app/assets/src/pages/pay/img/u227.png
copying file ./Payload/nofase.app/assets/src/pages/pay/img/u231.png ... 
2018-08-25 14:48:17 +0000  5395 bytes for ./Payload/nofase.app/assets/src/pages/pay/img/u231.png
copying file ./Payload/nofase.app/assets/src/pages/pay/img/u17.png ... 
2018-08-25 14:48:17 +0000  2810 bytes for ./Payload/nofase.app/assets/src/pages/pay/img/u17.png
copying file ./Payload/nofase.app/assets/src/pages/pay/img/u14_line.png ... 
2018-08-25 14:48:17 +0000  147 bytes for ./Payload/nofase.app/assets/src/pages/pay/img/u14_line.png
copying file ./Payload/nofase.app/assets/src/pages/pay/img/logo.png ... 
2018-08-25 14:48:17 +0000  687927 bytes for ./Payload/nofase.app/assets/src/pages/pay/img/logo.png
2018-08-25 14:48:17 +0000  copying file ./Payload/nofase.app/assets/src/pages/pay/img/u229.png ... 
4846 bytes for ./Payload/nofase.app/assets/src/pages/pay/img/u229.png
copying file ./Payload/nofase.app/assets/src/pages/pay/img/arrow-bottom.png ... 
2018-08-25 14:48:17 +0000  1711 bytes for ./Payload/nofase.app/assets/src/pages/pay/img/arrow-bottom.png
2018-08-25 14:48:17 +0000  copying file ./Payload/nofase.app/assets/src/pages/pay/img/u204.png ... 
2018-08-25 14:48:17 +0000  6567 bytes for ./Payload/nofase.app/assets/src/pages/pay/img/u204.png
2018-08-25 14:48:17 +0000  copying file ./Payload/nofase.app/assets/src/pages/store-detail/img/u141.png ... 
2018-08-25 14:48:17 +0000  3311 bytes for ./Payload/nofase.app/assets/src/pages/store-detail/img/u141.png
copying file ./Payload/nofase.app/assets/src/pages/store-detail/img/u0.png ... 
2018-08-25 14:48:17 +0000  299021 bytes for ./Payload/nofase.app/assets/src/pages/store-detail/img/u0.png
2018-08-25 14:48:17 +0000  copying file ./Payload/nofase.app/assets/src/pages/store-detail/img/u101.png ... 
2018-08-25 14:48:17 +0000  4673 bytes for ./Payload/nofase.app/assets/src/pages/store-detail/img/u101.png
copying file ./Payload/nofase.app/assets/src/pages/store-detail/img/u177.png ... 
2018-08-25 14:48:17 +0000  4117 bytes for ./Payload/nofase.app/assets/src/pages/store-detail/img/u177.png
2018-08-25 14:48:17 +0000  copying file ./Payload/nofase.app/assets/src/pages/store-detail/img/u204.png ... 
2018-08-25 14:48:17 +0000  6567 bytes for ./Payload/nofase.app/assets/src/pages/store-detail/img/u204.png
2018-08-25 14:48:17 +0000  copying file ./Payload/nofase.app/assets/src/pages/user/img/u16.png ... 
2018-08-25 14:48:17 +0000  3198 bytes for ./Payload/nofase.app/assets/src/pages/user/img/u16.png
2018-08-25 14:48:17 +0000  copying file ./Payload/nofase.app/assets/src/pages/user/img/u133.png ... 
2018-08-25 14:48:17 +0000  4015 bytes for ./Payload/nofase.app/assets/src/pages/user/img/u133.png
copying file ./Payload/nofase.app/assets/src/pages/user/img/u128.png ... 
2018-08-25 14:48:17 +0000  8662 bytes for ./Payload/nofase.app/assets/src/pages/user/img/u128.png
2018-08-25 14:48:17 +0000  copying file ./Payload/nofase.app/assets/src/pages/user/img/u36.png ... 
2018-08-25 14:48:17 +0000  5699 bytes for ./Payload/nofase.app/assets/src/pages/user/img/u36.png
2018-08-25 14:48:17 +0000  copying file ./Payload/nofase.app/assets/src/pages/user/img/u106.png ... 
2018-08-25 14:48:17 +0000  14896 bytes for ./Payload/nofase.app/assets/src/pages/user/img/u106.png
2018-08-25 14:48:17 +0000  copying file ./Payload/nofase.app/assets/src/pages/user/img/lv@3x.png ... 
2911 bytes for ./Payload/nofase.app/assets/src/pages/user/img/lv@3x.png
copying file ./Payload/nofase.app/assets/src/pages/user/img/lv@2x.png ... 
2018-08-25 14:48:17 +0000  1863 bytes for ./Payload/nofase.app/assets/src/pages/user/img/lv@2x.png
copying file ./Payload/nofase.app/assets/src/pages/user/img/u78.png ... 
2018-08-25 14:48:17 +0000  6109 bytes for ./Payload/nofase.app/assets/src/pages/user/img/u78.png
2018-08-25 14:48:17 +0000  copying file ./Payload/nofase.app/assets/src/pages/feedback/img/u284.png ... 
2018-08-25 14:48:17 +0000  4706 bytes for ./Payload/nofase.app/assets/src/pages/feedback/img/u284.png
2018-08-25 14:48:17 +0000  copying file ./Payload/nofase.app/assets/src/pages/feedback/img/2.png ... 
2018-08-25 14:48:17 +0000  463593 bytes for ./Payload/nofase.app/assets/src/pages/feedback/img/2.png
2018-08-25 14:48:17 +0000  copying file ./Payload/nofase.app/assets/src/pages/feedback/img/1.png ... 
2018-08-25 14:48:17 +0000  399394 bytes for ./Payload/nofase.app/assets/src/pages/feedback/img/1.png
copying file ./Payload/nofase.app/assets/src/pages/feedback/img/u204.png ... 
2018-08-25 14:48:17 +0000  6567 bytes for ./Payload/nofase.app/assets/src/pages/feedback/img/u204.png
2018-08-25 14:48:17 +0000  copying file ./Payload/nofase.app/assets/src/pages/recharge/img/huodong@3x.png ... 
2018-08-25 14:48:17 +0000  49450 bytes for ./Payload/nofase.app/assets/src/pages/recharge/img/huodong@3x.png
2018-08-25 14:48:17 +0000  copying file ./Payload/nofase.app/assets/src/pages/recharge/img/huodong@2x.png ... 
2018-08-25 14:48:17 +0000  25536 bytes for ./Payload/nofase.app/assets/src/pages/recharge/img/huodong@2x.png
copying file ./Payload/nofase.app/assets/src/pages/recharge/img/wechat.png ... 
2018-08-25 14:48:17 +0000  4901 bytes for ./Payload/nofase.app/assets/src/pages/recharge/img/wechat.png
2018-08-25 14:48:17 +0000  copying file ./Payload/nofase.app/assets/src/pages/recharge/img/zfb.png ... 
2018-08-25 14:48:17 +0000  5712 bytes for ./Payload/nofase.app/assets/src/pages/recharge/img/zfb.png
2018-08-25 14:48:17 +0000  copying file ./Payload/nofase.app/assets/src/pages/wallet/img/u14.png ... 
2018-08-25 14:48:17 +0000  5221 bytes for ./Payload/nofase.app/assets/src/pages/wallet/img/u14.png
2018-08-25 14:48:17 +0000  copying file ./Payload/nofase.app/assets/src/pages/wallet/img/u20.png ... 
2018-08-25 14:48:17 +0000  4804 bytes for ./Payload/nofase.app/assets/src/pages/wallet/img/u20.png
2018-08-25 14:48:17 +0000  copying file ./Payload/nofase.app/assets/src/pages/Fitnessrecord/img/_运动记录@2x.png ... 
2018-08-25 14:48:17 +0000  42435 bytes for ./Payload/nofase.app/assets/src/pages/Fitnessrecord/img/_运动记录@2x.png
copying file ./Payload/nofase.app/assets/src/pages/Fitnessrecord/img/_运动记录@3x.png ... 
2018-08-25 14:48:17 +0000  84761 bytes for ./Payload/nofase.app/assets/src/pages/Fitnessrecord/img/_运动记录@3x.png
2018-08-25 14:48:17 +0000  copying file ./Payload/nofase.app/assets/src/pages/Fitnessrecord/img/logo.png ... 
2018-08-25 14:48:17 +0000  687927 bytes for ./Payload/nofase.app/assets/src/pages/Fitnessrecord/img/logo.png
copying file ./Payload/nofase.app/assets/src/pages/Fitnessrecord/img/jiantou.png ... 
2018-08-25 14:48:17 +0000  2333 bytes for ./Payload/nofase.app/assets/src/pages/Fitnessrecord/img/jiantou.png
2018-08-25 14:48:17 +0000  copying file ./Payload/nofase.app/Info.plist ... 
2018-08-25 14:48:17 +0000  3077 bytes for ./Payload/nofase.app/Info.plist
copying file ./Payload/nofase.app/PkgInfo ... 
2018-08-25 14:48:17 +0000  8 bytes for ./Payload/nofase.app/PkgInfo
2018-08-25 14:48:17 +0000  
2018-08-25 14:48:17 +0000  2018-08-25 14:48:17 +0000  /usr/bin/ditto exited with 0

2018-08-25 14:48:17 +0000  2018-08-25 14:48:17 +0000  

2018-08-25 14:48:17 +0000  Processing step: IDEDistributionCreateManifestStep
2018-08-25 14:48:17 +0000  Skipping step: IDEDistributionCreateManifestStep because it said so
